{"C:\\backend\\controllers\\authController.js": {"path":"C:\\backend\\controllers\\authController.js","statementMap":{"0":{"start":{"line":2,"column":13},"end":{"line":2,"column":38}},"1":{"start":{"line":3,"column":15},"end":{"line":3,"column":32}},"2":{"start":{"line":4,"column":12},"end":{"line":4,"column":35}},"3":{"start":{"line":5,"column":0},"end":{"line":5,"column":27}},"4":{"start":{"line":6,"column":19},"end":{"line":6,"column":40}},"5":{"start":{"line":7,"column":14},"end":{"line":7,"column":40}},"6":{"start":{"line":10,"column":0},"end":{"line":83,"column":2}},"7":{"start":{"line":11,"column":57},"end":{"line":11,"column":65}},"8":{"start":{"line":13,"column":4},"end":{"line":82,"column":5}},"9":{"start":{"line":15,"column":8},"end":{"line":17,"column":9}},"10":{"start":{"line":16,"column":12},"end":{"line":16,"column":79}},"11":{"start":{"line":19,"column":29},"end":{"line":19,"column":80}},"12":{"start":{"line":21,"column":8},"end":{"line":29,"column":9}},"13":{"start":{"line":23,"column":12},"end":{"line":27,"column":13}},"14":{"start":{"line":24,"column":16},"end":{"line":24,"column":49}},"15":{"start":{"line":26,"column":16},"end":{"line":26,"column":56}},"16":{"start":{"line":28,"column":12},"end":{"line":28,"column":53}},"17":{"start":{"line":32,"column":20},"end":{"line":32,"column":33}},"18":{"start":{"line":34,"column":24},"end":{"line":40,"column":10}},"19":{"start":{"line":43,"column":8},"end":{"line":43,"column":29}},"20":{"start":{"line":46,"column":29},"end":{"line":52,"column":9}},"21":{"start":{"line":55,"column":22},"end":{"line":59,"column":9}},"22":{"start":{"line":60,"column":8},"end":{"line":60,"column":40}},"23":{"start":{"line":63,"column":8},"end":{"line":63,"column":35}},"24":{"start":{"line":64,"column":8},"end":{"line":64,"column":29}},"25":{"start":{"line":67,"column":8},"end":{"line":67,"column":34}},"26":{"start":{"line":69,"column":25},"end":{"line":76,"column":9}},"27":{"start":{"line":78,"column":8},"end":{"line":78,"column":43}},"28":{"start":{"line":80,"column":8},"end":{"line":80,"column":56}},"29":{"start":{"line":81,"column":8},"end":{"line":81,"column":91}},"30":{"start":{"line":86,"column":0},"end":{"line":131,"column":2}},"31":{"start":{"line":87,"column":32},"end":{"line":87,"column":40}},"32":{"start":{"line":89,"column":4},"end":{"line":130,"column":5}},"33":{"start":{"line":91,"column":21},"end":{"line":91,"column":50}},"34":{"start":{"line":93,"column":8},"end":{"line":95,"column":9}},"35":{"start":{"line":94,"column":12},"end":{"line":94,"column":71}},"36":{"start":{"line":105,"column":8},"end":{"line":107,"column":9}},"37":{"start":{"line":106,"column":12},"end":{"line":106,"column":129}},"38":{"start":{"line":110,"column":29},"end":{"line":113,"column":9}},"39":{"start":{"line":116,"column":22},"end":{"line":120,"column":9}},"40":{"start":{"line":123,"column":8},"end":{"line":123,"column":30}},"41":{"start":{"line":124,"column":8},"end":{"line":124,"column":26}},"42":{"start":{"line":126,"column":8},"end":{"line":126,"column":83}},"43":{"start":{"line":128,"column":8},"end":{"line":128,"column":55}},"44":{"start":{"line":129,"column":8},"end":{"line":129,"column":88}},"45":{"start":{"line":185,"column":0},"end":{"line":203,"column":2}},"46":{"start":{"line":186,"column":4},"end":{"line":202,"column":5}},"47":{"start":{"line":188,"column":21},"end":{"line":188,"column":72}},"48":{"start":{"line":189,"column":8},"end":{"line":189,"column":53}},"49":{"start":{"line":193,"column":8},"end":{"line":193,"column":25}},"50":{"start":{"line":196,"column":8},"end":{"line":196,"column":26}},"51":{"start":{"line":198,"column":8},"end":{"line":198,"column":51}},"52":{"start":{"line":200,"column":8},"end":{"line":200,"column":51}},"53":{"start":{"line":201,"column":8},"end":{"line":201,"column":84}},"54":{"start":{"line":205,"column":0},"end":{"line":246,"column":2}},"55":{"start":{"line":206,"column":32},"end":{"line":206,"column":40}},"56":{"start":{"line":208,"column":4},"end":{"line":245,"column":5}},"57":{"start":{"line":210,"column":27},"end":{"line":210,"column":57}},"58":{"start":{"line":212,"column":8},"end":{"line":214,"column":9}},"59":{"start":{"line":213,"column":12},"end":{"line":213,"column":78}},"60":{"start":{"line":217,"column":32},"end":{"line":217,"column":83}},"61":{"start":{"line":219,"column":8},"end":{"line":221,"column":9}},"62":{"start":{"line":220,"column":12},"end":{"line":220,"column":73}},"63":{"start":{"line":224,"column":29},"end":{"line":229,"column":9}},"64":{"start":{"line":231,"column":22},"end":{"line":235,"column":9}},"65":{"start":{"line":238,"column":8},"end":{"line":238,"column":33}},"66":{"start":{"line":239,"column":8},"end":{"line":239,"column":32}},"67":{"start":{"line":241,"column":8},"end":{"line":241,"column":95}},"68":{"start":{"line":243,"column":8},"end":{"line":243,"column":62}},"69":{"start":{"line":244,"column":8},"end":{"line":244,"column":95}},"70":{"start":{"line":250,"column":0},"end":{"line":261,"column":2}},"71":{"start":{"line":251,"column":4},"end":{"line":260,"column":5}},"72":{"start":{"line":253,"column":8},"end":{"line":253,"column":31}},"73":{"start":{"line":254,"column":8},"end":{"line":254,"column":31}},"74":{"start":{"line":256,"column":8},"end":{"line":256,"column":75}},"75":{"start":{"line":258,"column":8},"end":{"line":258,"column":63}},"76":{"start":{"line":259,"column":8},"end":{"line":259,"column":96}},"77":{"start":{"line":263,"column":0},"end":{"line":279,"column":2}},"78":{"start":{"line":264,"column":4},"end":{"line":278,"column":5}},"79":{"start":{"line":265,"column":23},"end":{"line":265,"column":42}},"80":{"start":{"line":268,"column":21},"end":{"line":268,"column":60}},"81":{"start":{"line":270,"column":8},"end":{"line":272,"column":9}},"82":{"start":{"line":271,"column":12},"end":{"line":271,"column":71}},"83":{"start":{"line":274,"column":8},"end":{"line":274,"column":79}},"84":{"start":{"line":276,"column":8},"end":{"line":276,"column":61}},"85":{"start":{"line":277,"column":8},"end":{"line":277,"column":97}},"86":{"start":{"line":285,"column":24},"end":{"line":291,"column":6}},"87":{"start":{"line":294,"column":24},"end":{"line":299,"column":5}},"88":{"start":{"line":302,"column":4},"end":{"line":302,"column":44}},"89":{"start":{"line":305,"column":0},"end":{"line":326,"column":2}},"90":{"start":{"line":306,"column":29},"end":{"line":306,"column":37}},"91":{"start":{"line":308,"column":4},"end":{"line":325,"column":5}},"92":{"start":{"line":309,"column":21},"end":{"line":309,"column":72}},"93":{"start":{"line":310,"column":8},"end":{"line":312,"column":9}},"94":{"start":{"line":311,"column":12},"end":{"line":311,"column":71}},"95":{"start":{"line":315,"column":8},"end":{"line":317,"column":9}},"96":{"start":{"line":316,"column":12},"end":{"line":316,"column":82}},"97":{"start":{"line":319,"column":20},"end":{"line":319,"column":28}},"98":{"start":{"line":320,"column":8},"end":{"line":320,"column":43}},"99":{"start":{"line":321,"column":8},"end":{"line":321,"column":67}},"100":{"start":{"line":323,"column":8},"end":{"line":323,"column":51}},"101":{"start":{"line":324,"column":8},"end":{"line":324,"column":86}},"102":{"start":{"line":330,"column":0},"end":{"line":366,"column":2}},"103":{"start":{"line":331,"column":20},"end":{"line":331,"column":28}},"104":{"start":{"line":333,"column":4},"end":{"line":365,"column":5}},"105":{"start":{"line":334,"column":21},"end":{"line":334,"column":48}},"106":{"start":{"line":336,"column":8},"end":{"line":338,"column":9}},"107":{"start":{"line":337,"column":12},"end":{"line":337,"column":88}},"108":{"start":{"line":341,"column":8},"end":{"line":343,"column":9}},"109":{"start":{"line":342,"column":12},"end":{"line":342,"column":99}},"110":{"start":{"line":346,"column":26},"end":{"line":346,"column":45}},"111":{"start":{"line":347,"column":28},"end":{"line":347,"column":42}},"112":{"start":{"line":349,"column":8},"end":{"line":351,"column":9}},"113":{"start":{"line":350,"column":12},"end":{"line":350,"column":85}},"114":{"start":{"line":354,"column":8},"end":{"line":354,"column":34}},"115":{"start":{"line":357,"column":8},"end":{"line":357,"column":37}},"116":{"start":{"line":359,"column":8},"end":{"line":359,"column":26}},"117":{"start":{"line":361,"column":8},"end":{"line":361,"column":88}},"118":{"start":{"line":363,"column":8},"end":{"line":363,"column":53}},"119":{"start":{"line":364,"column":8},"end":{"line":364,"column":105}},"120":{"start":{"line":372,"column":19},"end":{"line":372,"column":20}},"121":{"start":{"line":373,"column":19},"end":{"line":373,"column":31}},"122":{"start":{"line":374,"column":14},"end":{"line":374,"column":16}},"123":{"start":{"line":376,"column":4},"end":{"line":379,"column":5}},"124":{"start":{"line":376,"column":17},"end":{"line":376,"column":18}},"125":{"start":{"line":377,"column":22},"end":{"line":377,"column":63}},"126":{"start":{"line":378,"column":8},"end":{"line":378,"column":29}},"127":{"start":{"line":381,"column":4},"end":{"line":381,"column":15}}},"fnMap":{"0":{"name":"(anonymous_0)","decl":{"start":{"line":10,"column":19},"end":{"line":10,"column":20}},"loc":{"start":{"line":10,"column":39},"end":{"line":83,"column":1}},"line":10},"1":{"name":"(anonymous_1)","decl":{"start":{"line":86,"column":16},"end":{"line":86,"column":17}},"loc":{"start":{"line":86,"column":36},"end":{"line":131,"column":1}},"line":86},"2":{"name":"(anonymous_2)","decl":{"start":{"line":185,"column":17},"end":{"line":185,"column":18}},"loc":{"start":{"line":185,"column":37},"end":{"line":203,"column":1}},"line":185},"3":{"name":"(anonymous_3)","decl":{"start":{"line":205,"column":26},"end":{"line":205,"column":27}},"loc":{"start":{"line":205,"column":46},"end":{"line":246,"column":1}},"line":205},"4":{"name":"(anonymous_4)","decl":{"start":{"line":250,"column":27},"end":{"line":250,"column":28}},"loc":{"start":{"line":250,"column":47},"end":{"line":261,"column":1}},"line":250},"5":{"name":"(anonymous_5)","decl":{"start":{"line":263,"column":24},"end":{"line":263,"column":25}},"loc":{"start":{"line":263,"column":44},"end":{"line":279,"column":1}},"line":263},"6":{"name":"sendOTP","decl":{"start":{"line":283,"column":15},"end":{"line":283,"column":22}},"loc":{"start":{"line":283,"column":35},"end":{"line":303,"column":1}},"line":283},"7":{"name":"(anonymous_7)","decl":{"start":{"line":305,"column":18},"end":{"line":305,"column":19}},"loc":{"start":{"line":305,"column":38},"end":{"line":326,"column":1}},"line":305},"8":{"name":"(anonymous_8)","decl":{"start":{"line":330,"column":20},"end":{"line":330,"column":21}},"loc":{"start":{"line":330,"column":40},"end":{"line":366,"column":1}},"line":330},"9":{"name":"generateOTP","decl":{"start":{"line":371,"column":9},"end":{"line":371,"column":20}},"loc":{"start":{"line":371,"column":23},"end":{"line":382,"column":1}},"line":371}},"branchMap":{"0":{"loc":{"start":{"line":15,"column":8},"end":{"line":17,"column":9}},"type":"if","locations":[{"start":{"line":15,"column":8},"end":{"line":17,"column":9}},{"start":{},"end":{}}],"line":15},"1":{"loc":{"start":{"line":21,"column":8},"end":{"line":29,"column":9}},"type":"if","locations":[{"start":{"line":21,"column":8},"end":{"line":29,"column":9}},{"start":{},"end":{}}],"line":21},"2":{"loc":{"start":{"line":23,"column":12},"end":{"line":27,"column":13}},"type":"if","locations":[{"start":{"line":23,"column":12},"end":{"line":27,"column":13}},{"start":{"line":25,"column":19},"end":{"line":27,"column":13}}],"line":23},"3":{"loc":{"start":{"line":93,"column":8},"end":{"line":95,"column":9}},"type":"if","locations":[{"start":{"line":93,"column":8},"end":{"line":95,"column":9}},{"start":{},"end":{}}],"line":93},"4":{"loc":{"start":{"line":105,"column":8},"end":{"line":107,"column":9}},"type":"if","locations":[{"start":{"line":105,"column":8},"end":{"line":107,"column":9}},{"start":{},"end":{}}],"line":105},"5":{"loc":{"start":{"line":212,"column":8},"end":{"line":214,"column":9}},"type":"if","locations":[{"start":{"line":212,"column":8},"end":{"line":214,"column":9}},{"start":{},"end":{}}],"line":212},"6":{"loc":{"start":{"line":219,"column":8},"end":{"line":221,"column":9}},"type":"if","locations":[{"start":{"line":219,"column":8},"end":{"line":221,"column":9}},{"start":{},"end":{}}],"line":219},"7":{"loc":{"start":{"line":270,"column":8},"end":{"line":272,"column":9}},"type":"if","locations":[{"start":{"line":270,"column":8},"end":{"line":272,"column":9}},{"start":{},"end":{}}],"line":270},"8":{"loc":{"start":{"line":310,"column":8},"end":{"line":312,"column":9}},"type":"if","locations":[{"start":{"line":310,"column":8},"end":{"line":312,"column":9}},{"start":{},"end":{}}],"line":310},"9":{"loc":{"start":{"line":315,"column":8},"end":{"line":317,"column":9}},"type":"if","locations":[{"start":{"line":315,"column":8},"end":{"line":317,"column":9}},{"start":{},"end":{}}],"line":315},"10":{"loc":{"start":{"line":320,"column":22},"end":{"line":320,"column":36}},"type":"binary-expr","locations":[{"start":{"line":320,"column":22},"end":{"line":320,"column":27}},{"start":{"line":320,"column":31},"end":{"line":320,"column":36}}],"line":320},"11":{"loc":{"start":{"line":336,"column":8},"end":{"line":338,"column":9}},"type":"if","locations":[{"start":{"line":336,"column":8},"end":{"line":338,"column":9}},{"start":{},"end":{}}],"line":336},"12":{"loc":{"start":{"line":341,"column":8},"end":{"line":343,"column":9}},"type":"if","locations":[{"start":{"line":341,"column":8},"end":{"line":343,"column":9}},{"start":{},"end":{}}],"line":341},"13":{"loc":{"start":{"line":349,"column":8},"end":{"line":351,"column":9}},"type":"if","locations":[{"start":{"line":349,"column":8},"end":{"line":351,"column":9}},{"start":{},"end":{}}],"line":349}},"s":{"0":0,"1":0,"2":0,"3":0,"4":0,"5":0,"6":0,"7":0,"8":0,"9":0,"10":0,"11":0,"12":0,"13":0,"14":0,"15":0,"16":0,"17":0,"18":0,"19":0,"20":0,"21":0,"22":0,"23":0,"24":0,"25":0,"26":0,"27":0,"28":0,"29":0,"30":0,"31":0,"32":0,"33":0,"34":0,"35":0,"36":0,"37":0,"38":0,"39":0,"40":0,"41":0,"42":0,"43":0,"44":0,"45":0,"46":0,"47":0,"48":0,"49":0,"50":0,"51":0,"52":0,"53":0,"54":0,"55":0,"56":0,"57":0,"58":0,"59":0,"60":0,"61":0,"62":0,"63":0,"64":0,"65":0,"66":0,"67":0,"68":0,"69":0,"70":0,"71":0,"72":0,"73":0,"74":0,"75":0,"76":0,"77":0,"78":0,"79":0,"80":0,"81":0,"82":0,"83":0,"84":0,"85":0,"86":0,"87":0,"88":0,"89":0,"90":0,"91":0,"92":0,"93":0,"94":0,"95":0,"96":0,"97":0,"98":0,"99":0,"100":0,"101":0,"102":0,"103":0,"104":0,"105":0,"106":0,"107":0,"108":0,"109":0,"110":0,"111":0,"112":0,"113":0,"114":0,"115":0,"116":0,"117":0,"118":0,"119":0,"120":0,"121":0,"122":0,"123":0,"124":0,"125":0,"126":0,"127":0},"f":{"0":0,"1":0,"2":0,"3":0,"4":0,"5":0,"6":0,"7":0,"8":0,"9":0},"b":{"0":[0,0],"1":[0,0],"2":[0,0],"3":[0,0],"4":[0,0],"5":[0,0],"6":[0,0],"7":[0,0],"8":[0,0],"9":[0,0],"10":[0,0],"11":[0,0],"12":[0,0],"13":[0,0]}}
,"C:\\backend\\controllers\\chatController.js": {"path":"C:\\backend\\controllers\\chatController.js","statementMap":{"0":{"start":{"line":1,"column":16},"end":{"line":1,"column":44}},"1":{"start":{"line":2,"column":31},"end":{"line":2,"column":59}},"2":{"start":{"line":3,"column":29},"end":{"line":3,"column":55}},"3":{"start":{"line":5,"column":0},"end":{"line":32,"column":2}},"4":{"start":{"line":6,"column":4},"end":{"line":31,"column":5}},"5":{"start":{"line":7,"column":46},"end":{"line":7,"column":54}},"6":{"start":{"line":10,"column":8},"end":{"line":12,"column":9}},"7":{"start":{"line":11,"column":12},"end":{"line":11,"column":99}},"8":{"start":{"line":15,"column":28},"end":{"line":15,"column":57}},"9":{"start":{"line":17,"column":27},"end":{"line":17,"column":51}},"10":{"start":{"line":18,"column":8},"end":{"line":18,"column":32}},"11":{"start":{"line":21,"column":8},"end":{"line":21,"column":56}},"12":{"start":{"line":24,"column":8},"end":{"line":24,"column":48}},"13":{"start":{"line":27,"column":8},"end":{"line":27,"column":90}},"14":{"start":{"line":29,"column":8},"end":{"line":29,"column":55}},"15":{"start":{"line":30,"column":8},"end":{"line":30,"column":90}},"16":{"start":{"line":34,"column":0},"end":{"line":47,"column":2}},"17":{"start":{"line":35,"column":4},"end":{"line":46,"column":5}},"18":{"start":{"line":36,"column":27},"end":{"line":36,"column":48}},"19":{"start":{"line":39,"column":25},"end":{"line":39,"column":69}},"20":{"start":{"line":42,"column":8},"end":{"line":42,"column":39}},"21":{"start":{"line":44,"column":8},"end":{"line":44,"column":58}},"22":{"start":{"line":45,"column":8},"end":{"line":45,"column":94}},"23":{"start":{"line":49,"column":0},"end":{"line":66,"column":2}},"24":{"start":{"line":50,"column":4},"end":{"line":65,"column":5}},"25":{"start":{"line":51,"column":27},"end":{"line":51,"column":48}},"26":{"start":{"line":52,"column":27},"end":{"line":52,"column":37}},"27":{"start":{"line":53,"column":8},"end":{"line":53,"column":54}},"28":{"start":{"line":56,"column":31},"end":{"line":59,"column":10}},"29":{"start":{"line":61,"column":8},"end":{"line":61,"column":45}},"30":{"start":{"line":63,"column":8},"end":{"line":63,"column":61}},"31":{"start":{"line":64,"column":8},"end":{"line":64,"column":96}},"32":{"start":{"line":71,"column":0},"end":{"line":82,"column":2}},"33":{"start":{"line":72,"column":4},"end":{"line":81,"column":5}},"34":{"start":{"line":73,"column":27},"end":{"line":73,"column":37}},"35":{"start":{"line":74,"column":8},"end":{"line":74,"column":54}},"36":{"start":{"line":77,"column":8},"end":{"line":77,"column":69}},"37":{"start":{"line":78,"column":8},"end":{"line":78,"column":57}},"38":{"start":{"line":80,"column":8},"end":{"line":80,"column":61}}},"fnMap":{"0":{"name":"(anonymous_0)","decl":{"start":{"line":5,"column":22},"end":{"line":5,"column":23}},"loc":{"start":{"line":5,"column":42},"end":{"line":32,"column":1}},"line":5},"1":{"name":"(anonymous_1)","decl":{"start":{"line":34,"column":26},"end":{"line":34,"column":27}},"loc":{"start":{"line":34,"column":46},"end":{"line":47,"column":1}},"line":34},"2":{"name":"(anonymous_2)","decl":{"start":{"line":49,"column":25},"end":{"line":49,"column":26}},"loc":{"start":{"line":49,"column":45},"end":{"line":66,"column":1}},"line":49},"3":{"name":"(anonymous_3)","decl":{"start":{"line":71,"column":28},"end":{"line":71,"column":29}},"loc":{"start":{"line":71,"column":40},"end":{"line":82,"column":1}},"line":71}},"branchMap":{"0":{"loc":{"start":{"line":10,"column":8},"end":{"line":12,"column":9}},"type":"if","locations":[{"start":{"line":10,"column":8},"end":{"line":12,"column":9}},{"start":{},"end":{}}],"line":10},"1":{"loc":{"start":{"line":10,"column":12},"end":{"line":10,"column":44}},"type":"binary-expr","locations":[{"start":{"line":10,"column":12},"end":{"line":10,"column":19}},{"start":{"line":10,"column":23},"end":{"line":10,"column":32}},{"start":{"line":10,"column":36},"end":{"line":10,"column":44}}],"line":10}},"s":{"0":0,"1":0,"2":0,"3":0,"4":0,"5":0,"6":0,"7":0,"8":0,"9":0,"10":0,"11":0,"12":0,"13":0,"14":0,"15":0,"16":0,"17":0,"18":0,"19":0,"20":0,"21":0,"22":0,"23":0,"24":0,"25":0,"26":0,"27":0,"28":0,"29":0,"30":0,"31":0,"32":0,"33":0,"34":0,"35":0,"36":0,"37":0,"38":0},"f":{"0":0,"1":0,"2":0,"3":0},"b":{"0":[0,0],"1":[0,0,0]}}
,"C:\\backend\\controllers\\matchingController.js": {"path":"C:\\backend\\controllers\\matchingController.js","statementMap":{"0":{"start":{"line":1,"column":16},"end":{"line":1,"column":44}},"1":{"start":{"line":2,"column":13},"end":{"line":2,"column":38}},"2":{"start":{"line":3,"column":21},"end":{"line":3,"column":54}},"3":{"start":{"line":4,"column":24},"end":{"line":4,"column":52}},"4":{"start":{"line":6,"column":36},"end":{"line":45,"column":3}},"5":{"start":{"line":7,"column":4},"end":{"line":44,"column":5}},"6":{"start":{"line":8,"column":26},"end":{"line":8,"column":56}},"7":{"start":{"line":9,"column":6},"end":{"line":9,"column":45}},"8":{"start":{"line":11,"column":6},"end":{"line":13,"column":7}},"9":{"start":{"line":12,"column":8},"end":{"line":12,"column":42}},"10":{"start":{"line":15,"column":29},"end":{"line":15,"column":78}},"11":{"start":{"line":16,"column":6},"end":{"line":16,"column":51}},"12":{"start":{"line":18,"column":31},"end":{"line":37,"column":8}},"13":{"start":{"line":38,"column":6},"end":{"line":38,"column":72}},"14":{"start":{"line":40,"column":6},"end":{"line":40,"column":30}},"15":{"start":{"line":42,"column":6},"end":{"line":42,"column":63}},"16":{"start":{"line":43,"column":6},"end":{"line":43,"column":18}},"17":{"start":{"line":47,"column":2},"end":{"line":58,"column":4}},"18":{"start":{"line":48,"column":4},"end":{"line":57,"column":5}},"19":{"start":{"line":49,"column":21},"end":{"line":49,"column":38}},"20":{"start":{"line":50,"column":6},"end":{"line":50,"column":49}},"21":{"start":{"line":51,"column":31},"end":{"line":51,"column":72}},"22":{"start":{"line":52,"column":6},"end":{"line":52,"column":55}},"23":{"start":{"line":53,"column":6},"end":{"line":53,"column":33}},"24":{"start":{"line":55,"column":6},"end":{"line":55,"column":27}},"25":{"start":{"line":56,"column":6},"end":{"line":56,"column":77}},"26":{"start":{"line":61,"column":2},"end":{"line":103,"column":2}},"27":{"start":{"line":62,"column":4},"end":{"line":102,"column":5}},"28":{"start":{"line":63,"column":34},"end":{"line":63,"column":42}},"29":{"start":{"line":66,"column":21},"end":{"line":66,"column":45}},"30":{"start":{"line":67,"column":8},"end":{"line":69,"column":9}},"31":{"start":{"line":68,"column":12},"end":{"line":68,"column":151}},"32":{"start":{"line":72,"column":8},"end":{"line":72,"column":113}},"33":{"start":{"line":75,"column":8},"end":{"line":75,"column":85}},"34":{"start":{"line":78,"column":30},"end":{"line":78,"column":80}},"35":{"start":{"line":81,"column":27},"end":{"line":85,"column":10}},"36":{"start":{"line":86,"column":8},"end":{"line":86,"column":32}},"37":{"start":{"line":89,"column":32},"end":{"line":92,"column":10}},"38":{"start":{"line":93,"column":8},"end":{"line":93,"column":37}},"39":{"start":{"line":96,"column":8},"end":{"line":96,"column":98}},"40":{"start":{"line":98,"column":8},"end":{"line":98,"column":59}},"41":{"start":{"line":100,"column":8},"end":{"line":100,"column":29}},"42":{"start":{"line":101,"column":8},"end":{"line":101,"column":68}},"43":{"start":{"line":108,"column":0},"end":{"line":128,"column":2}},"44":{"start":{"line":109,"column":4},"end":{"line":127,"column":5}},"45":{"start":{"line":110,"column":23},"end":{"line":110,"column":40}},"46":{"start":{"line":113,"column":28},"end":{"line":113,"column":83}},"47":{"start":{"line":115,"column":8},"end":{"line":117,"column":9}},"48":{"start":{"line":116,"column":12},"end":{"line":116,"column":71}},"49":{"start":{"line":120,"column":29},"end":{"line":120,"column":53}},"50":{"start":{"line":123,"column":8},"end":{"line":123,"column":31}},"51":{"start":{"line":125,"column":8},"end":{"line":125,"column":62}},"52":{"start":{"line":126,"column":8},"end":{"line":126,"column":75}},"53":{"start":{"line":132,"column":0},"end":{"line":157,"column":2}},"54":{"start":{"line":133,"column":4},"end":{"line":156,"column":5}},"55":{"start":{"line":134,"column":23},"end":{"line":134,"column":42}},"56":{"start":{"line":136,"column":21},"end":{"line":136,"column":80}},"57":{"start":{"line":138,"column":8},"end":{"line":140,"column":9}},"58":{"start":{"line":139,"column":12},"end":{"line":139,"column":71}},"59":{"start":{"line":143,"column":32},"end":{"line":146,"column":10}},"60":{"start":{"line":147,"column":8},"end":{"line":147,"column":37}},"61":{"start":{"line":150,"column":8},"end":{"line":150,"column":98}},"62":{"start":{"line":152,"column":8},"end":{"line":152,"column":62}},"63":{"start":{"line":154,"column":8},"end":{"line":154,"column":27}},"64":{"start":{"line":155,"column":8},"end":{"line":155,"column":101}},"65":{"start":{"line":160,"column":0},"end":{"line":193,"column":2}},"66":{"start":{"line":161,"column":4},"end":{"line":192,"column":5}},"67":{"start":{"line":162,"column":34},"end":{"line":162,"column":42}},"68":{"start":{"line":165,"column":8},"end":{"line":165,"column":85}},"69":{"start":{"line":168,"column":8},"end":{"line":168,"column":85}},"70":{"start":{"line":171,"column":8},"end":{"line":171,"column":81}},"71":{"start":{"line":174,"column":8},"end":{"line":174,"column":85}},"72":{"start":{"line":177,"column":31},"end":{"line":177,"column":56}},"73":{"start":{"line":180,"column":27},"end":{"line":184,"column":10}},"74":{"start":{"line":185,"column":8},"end":{"line":185,"column":32}},"75":{"start":{"line":188,"column":8},"end":{"line":188,"column":85}},"76":{"start":{"line":190,"column":8},"end":{"line":190,"column":29}},"77":{"start":{"line":191,"column":8},"end":{"line":191,"column":70}},"78":{"start":{"line":197,"column":0},"end":{"line":218,"column":2}},"79":{"start":{"line":198,"column":2},"end":{"line":217,"column":3}},"80":{"start":{"line":199,"column":32},"end":{"line":199,"column":40}},"81":{"start":{"line":202,"column":6},"end":{"line":202,"column":83}},"82":{"start":{"line":205,"column":6},"end":{"line":205,"column":79}},"83":{"start":{"line":208,"column":6},"end":{"line":208,"column":102}},"84":{"start":{"line":211,"column":6},"end":{"line":211,"column":83}},"85":{"start":{"line":213,"column":6},"end":{"line":213,"column":61}},"86":{"start":{"line":215,"column":6},"end":{"line":215,"column":27}},"87":{"start":{"line":216,"column":6},"end":{"line":216,"column":69}},"88":{"start":{"line":221,"column":0},"end":{"line":241,"column":2}},"89":{"start":{"line":222,"column":4},"end":{"line":240,"column":5}},"90":{"start":{"line":223,"column":23},"end":{"line":223,"column":40}},"91":{"start":{"line":226,"column":28},"end":{"line":226,"column":87}},"92":{"start":{"line":227,"column":8},"end":{"line":227,"column":48}},"93":{"start":{"line":229,"column":8},"end":{"line":231,"column":9}},"94":{"start":{"line":230,"column":12},"end":{"line":230,"column":71}},"95":{"start":{"line":234,"column":33},"end":{"line":234,"column":61}},"96":{"start":{"line":236,"column":8},"end":{"line":236,"column":35}},"97":{"start":{"line":238,"column":8},"end":{"line":238,"column":66}},"98":{"start":{"line":239,"column":8},"end":{"line":239,"column":79}},"99":{"start":{"line":244,"column":0},"end":{"line":271,"column":2}},"100":{"start":{"line":245,"column":2},"end":{"line":270,"column":3}},"101":{"start":{"line":246,"column":23},"end":{"line":246,"column":33}},"102":{"start":{"line":249,"column":17},"end":{"line":249,"column":45}},"103":{"start":{"line":251,"column":4},"end":{"line":253,"column":5}},"104":{"start":{"line":252,"column":6},"end":{"line":252,"column":63}},"105":{"start":{"line":256,"column":4},"end":{"line":266,"column":5}},"106":{"start":{"line":258,"column":6},"end":{"line":258,"column":78}},"107":{"start":{"line":261,"column":6},"end":{"line":261,"column":35}},"108":{"start":{"line":262,"column":6},"end":{"line":262,"column":24}},"109":{"start":{"line":265,"column":6},"end":{"line":265,"column":88}},"110":{"start":{"line":268,"column":4},"end":{"line":268,"column":61}},"111":{"start":{"line":269,"column":4},"end":{"line":269,"column":61}}},"fnMap":{"0":{"name":"(anonymous_0)","decl":{"start":{"line":6,"column":36},"end":{"line":6,"column":37}},"loc":{"start":{"line":6,"column":54},"end":{"line":45,"column":3}},"line":6},"1":{"name":"(anonymous_1)","decl":{"start":{"line":47,"column":31},"end":{"line":47,"column":32}},"loc":{"start":{"line":47,"column":51},"end":{"line":58,"column":3}},"line":47},"2":{"name":"(anonymous_2)","decl":{"start":{"line":61,"column":24},"end":{"line":61,"column":25}},"loc":{"start":{"line":61,"column":44},"end":{"line":103,"column":1}},"line":61},"3":{"name":"(anonymous_3)","decl":{"start":{"line":108,"column":26},"end":{"line":108,"column":27}},"loc":{"start":{"line":108,"column":46},"end":{"line":128,"column":1}},"line":108},"4":{"name":"(anonymous_4)","decl":{"start":{"line":132,"column":25},"end":{"line":132,"column":26}},"loc":{"start":{"line":132,"column":45},"end":{"line":157,"column":1}},"line":132},"5":{"name":"(anonymous_5)","decl":{"start":{"line":160,"column":24},"end":{"line":160,"column":25}},"loc":{"start":{"line":160,"column":44},"end":{"line":193,"column":1}},"line":160},"6":{"name":"(anonymous_6)","decl":{"start":{"line":197,"column":25},"end":{"line":197,"column":26}},"loc":{"start":{"line":197,"column":45},"end":{"line":218,"column":1}},"line":197},"7":{"name":"(anonymous_7)","decl":{"start":{"line":221,"column":30},"end":{"line":221,"column":31}},"loc":{"start":{"line":221,"column":50},"end":{"line":241,"column":1}},"line":221},"8":{"name":"(anonymous_8)","decl":{"start":{"line":244,"column":30},"end":{"line":244,"column":31}},"loc":{"start":{"line":244,"column":50},"end":{"line":271,"column":1}},"line":244}},"branchMap":{"0":{"loc":{"start":{"line":11,"column":6},"end":{"line":13,"column":7}},"type":"if","locations":[{"start":{"line":11,"column":6},"end":{"line":13,"column":7}},{"start":{},"end":{}}],"line":11},"1":{"loc":{"start":{"line":15,"column":29},"end":{"line":15,"column":78}},"type":"cond-expr","locations":[{"start":{"line":15,"column":61},"end":{"line":15,"column":69}},{"start":{"line":15,"column":72},"end":{"line":15,"column":78}}],"line":15},"2":{"loc":{"start":{"line":67,"column":8},"end":{"line":69,"column":9}},"type":"if","locations":[{"start":{"line":67,"column":8},"end":{"line":69,"column":9}},{"start":{},"end":{}}],"line":67},"3":{"loc":{"start":{"line":67,"column":12},"end":{"line":67,"column":58}},"type":"binary-expr","locations":[{"start":{"line":67,"column":12},"end":{"line":67,"column":39}},{"start":{"line":67,"column":43},"end":{"line":67,"column":58}}],"line":67},"4":{"loc":{"start":{"line":115,"column":8},"end":{"line":117,"column":9}},"type":"if","locations":[{"start":{"line":115,"column":8},"end":{"line":117,"column":9}},{"start":{},"end":{}}],"line":115},"5":{"loc":{"start":{"line":138,"column":8},"end":{"line":140,"column":9}},"type":"if","locations":[{"start":{"line":138,"column":8},"end":{"line":140,"column":9}},{"start":{},"end":{}}],"line":138},"6":{"loc":{"start":{"line":229,"column":8},"end":{"line":231,"column":9}},"type":"if","locations":[{"start":{"line":229,"column":8},"end":{"line":231,"column":9}},{"start":{},"end":{}}],"line":229},"7":{"loc":{"start":{"line":251,"column":4},"end":{"line":253,"column":5}},"type":"if","locations":[{"start":{"line":251,"column":4},"end":{"line":253,"column":5}},{"start":{},"end":{}}],"line":251},"8":{"loc":{"start":{"line":256,"column":4},"end":{"line":266,"column":5}},"type":"if","locations":[{"start":{"line":256,"column":4},"end":{"line":266,"column":5}},{"start":{"line":259,"column":11},"end":{"line":266,"column":5}}],"line":256}},"s":{"0":0,"1":0,"2":0,"3":0,"4":0,"5":0,"6":0,"7":0,"8":0,"9":0,"10":0,"11":0,"12":0,"13":0,"14":0,"15":0,"16":0,"17":0,"18":0,"19":0,"20":0,"21":0,"22":0,"23":0,"24":0,"25":0,"26":0,"27":0,"28":0,"29":0,"30":0,"31":0,"32":0,"33":0,"34":0,"35":0,"36":0,"37":0,"38":0,"39":0,"40":0,"41":0,"42":0,"43":0,"44":0,"45":0,"46":0,"47":0,"48":0,"49":0,"50":0,"51":0,"52":0,"53":0,"54":0,"55":0,"56":0,"57":0,"58":0,"59":0,"60":0,"61":0,"62":0,"63":0,"64":0,"65":0,"66":0,"67":0,"68":0,"69":0,"70":0,"71":0,"72":0,"73":0,"74":0,"75":0,"76":0,"77":0,"78":0,"79":0,"80":0,"81":0,"82":0,"83":0,"84":0,"85":0,"86":0,"87":0,"88":0,"89":0,"90":0,"91":0,"92":0,"93":0,"94":0,"95":0,"96":0,"97":0,"98":0,"99":0,"100":0,"101":0,"102":0,"103":0,"104":0,"105":0,"106":0,"107":0,"108":0,"109":0,"110":0,"111":0},"f":{"0":0,"1":0,"2":0,"3":0,"4":0,"5":0,"6":0,"7":0,"8":0},"b":{"0":[0,0],"1":[0,0],"2":[0,0],"3":[0,0],"4":[0,0],"5":[0,0],"6":[0,0],"7":[0,0],"8":[0,0]}}
,"C:\\backend\\controllers\\paymentController.js": {"path":"C:\\backend\\controllers\\paymentController.js","statementMap":{"0":{"start":{"line":1,"column":14},"end":{"line":1,"column":30}},"1":{"start":{"line":2,"column":15},"end":{"line":2,"column":32}},"2":{"start":{"line":3,"column":16},"end":{"line":3,"column":44}},"3":{"start":{"line":6,"column":24},"end":{"line":6,"column":51}},"4":{"start":{"line":7,"column":27},"end":{"line":7,"column":57}},"5":{"start":{"line":8,"column":20},"end":{"line":8,"column":43}},"6":{"start":{"line":9,"column":21},"end":{"line":9,"column":45}},"7":{"start":{"line":10,"column":21},"end":{"line":10,"column":45}},"8":{"start":{"line":11,"column":24},"end":{"line":11,"column":51}},"9":{"start":{"line":12,"column":27},"end":{"line":12,"column":57}},"10":{"start":{"line":14,"column":0},"end":{"line":72,"column":2}},"11":{"start":{"line":15,"column":4},"end":{"line":71,"column":5}},"12":{"start":{"line":16,"column":48},"end":{"line":16,"column":56}},"13":{"start":{"line":18,"column":28},"end":{"line":32,"column":9}},"14":{"start":{"line":35,"column":24},"end":{"line":35,"column":51}},"15":{"start":{"line":36,"column":25},"end":{"line":38,"column":29}},"16":{"start":{"line":41,"column":20},"end":{"line":41,"column":67}},"17":{"start":{"line":44,"column":25},"end":{"line":50,"column":10}},"18":{"start":{"line":52,"column":8},"end":{"line":67,"column":9}},"19":{"start":{"line":54,"column":28},"end":{"line":60,"column":14}},"20":{"start":{"line":62,"column":12},"end":{"line":62,"column":33}},"21":{"start":{"line":64,"column":12},"end":{"line":64,"column":77}},"22":{"start":{"line":66,"column":12},"end":{"line":66,"column":105}},"23":{"start":{"line":69,"column":8},"end":{"line":69,"column":58}},"24":{"start":{"line":70,"column":8},"end":{"line":70,"column":94}},"25":{"start":{"line":74,"column":0},"end":{"line":91,"column":2}},"26":{"start":{"line":75,"column":4},"end":{"line":90,"column":5}},"27":{"start":{"line":76,"column":42},"end":{"line":76,"column":50}},"28":{"start":{"line":79,"column":24},"end":{"line":79,"column":75}},"29":{"start":{"line":80,"column":8},"end":{"line":86,"column":9}},"30":{"start":{"line":81,"column":12},"end":{"line":81,"column":36}},"31":{"start":{"line":82,"column":12},"end":{"line":82,"column":33}},"32":{"start":{"line":83,"column":12},"end":{"line":83,"column":75}},"33":{"start":{"line":85,"column":12},"end":{"line":85,"column":67}},"34":{"start":{"line":88,"column":8},"end":{"line":88,"column":65}},"35":{"start":{"line":89,"column":8},"end":{"line":89,"column":101}},"36":{"start":{"line":93,"column":0},"end":{"line":107,"column":2}},"37":{"start":{"line":94,"column":4},"end":{"line":106,"column":5}},"38":{"start":{"line":95,"column":28},"end":{"line":95,"column":38}},"39":{"start":{"line":97,"column":24},"end":{"line":97,"column":58}},"40":{"start":{"line":98,"column":8},"end":{"line":102,"column":9}},"41":{"start":{"line":99,"column":12},"end":{"line":99,"column":61}},"42":{"start":{"line":101,"column":12},"end":{"line":101,"column":67}},"43":{"start":{"line":104,"column":8},"end":{"line":104,"column":64}},"44":{"start":{"line":105,"column":8},"end":{"line":105,"column":99}},"45":{"start":{"line":109,"column":0},"end":{"line":153,"column":2}},"46":{"start":{"line":110,"column":4},"end":{"line":152,"column":5}},"47":{"start":{"line":111,"column":42},"end":{"line":111,"column":50}},"48":{"start":{"line":113,"column":28},"end":{"line":121,"column":9}},"49":{"start":{"line":124,"column":24},"end":{"line":124,"column":51}},"50":{"start":{"line":125,"column":25},"end":{"line":127,"column":29}},"51":{"start":{"line":130,"column":25},"end":{"line":136,"column":10}},"52":{"start":{"line":138,"column":8},"end":{"line":148,"column":9}},"53":{"start":{"line":140,"column":28},"end":{"line":140,"column":79}},"54":{"start":{"line":141,"column":12},"end":{"line":144,"column":13}},"55":{"start":{"line":142,"column":16},"end":{"line":142,"column":44}},"56":{"start":{"line":143,"column":16},"end":{"line":143,"column":37}},"57":{"start":{"line":145,"column":12},"end":{"line":145,"column":79}},"58":{"start":{"line":147,"column":12},"end":{"line":147,"column":104}},"59":{"start":{"line":150,"column":8},"end":{"line":150,"column":57}},"60":{"start":{"line":151,"column":8},"end":{"line":151,"column":93}}},"fnMap":{"0":{"name":"(anonymous_0)","decl":{"start":{"line":14,"column":26},"end":{"line":14,"column":27}},"loc":{"start":{"line":14,"column":46},"end":{"line":72,"column":1}},"line":14},"1":{"name":"(anonymous_1)","decl":{"start":{"line":74,"column":25},"end":{"line":74,"column":26}},"loc":{"start":{"line":74,"column":45},"end":{"line":91,"column":1}},"line":74},"2":{"name":"(anonymous_2)","decl":{"start":{"line":93,"column":30},"end":{"line":93,"column":31}},"loc":{"start":{"line":93,"column":50},"end":{"line":107,"column":1}},"line":93},"3":{"name":"(anonymous_3)","decl":{"start":{"line":109,"column":24},"end":{"line":109,"column":25}},"loc":{"start":{"line":109,"column":44},"end":{"line":153,"column":1}},"line":109}},"branchMap":{"0":{"loc":{"start":{"line":52,"column":8},"end":{"line":67,"column":9}},"type":"if","locations":[{"start":{"line":52,"column":8},"end":{"line":67,"column":9}},{"start":{"line":65,"column":15},"end":{"line":67,"column":9}}],"line":52},"1":{"loc":{"start":{"line":80,"column":8},"end":{"line":86,"column":9}},"type":"if","locations":[{"start":{"line":80,"column":8},"end":{"line":86,"column":9}},{"start":{"line":84,"column":15},"end":{"line":86,"column":9}}],"line":80},"2":{"loc":{"start":{"line":98,"column":8},"end":{"line":102,"column":9}},"type":"if","locations":[{"start":{"line":98,"column":8},"end":{"line":102,"column":9}},{"start":{"line":100,"column":15},"end":{"line":102,"column":9}}],"line":98},"3":{"loc":{"start":{"line":138,"column":8},"end":{"line":148,"column":9}},"type":"if","locations":[{"start":{"line":138,"column":8},"end":{"line":148,"column":9}},{"start":{"line":146,"column":15},"end":{"line":148,"column":9}}],"line":138},"4":{"loc":{"start":{"line":141,"column":12},"end":{"line":144,"column":13}},"type":"if","locations":[{"start":{"line":141,"column":12},"end":{"line":144,"column":13}},{"start":{},"end":{}}],"line":141}},"s":{"0":0,"1":0,"2":0,"3":0,"4":0,"5":0,"6":0,"7":0,"8":0,"9":0,"10":0,"11":0,"12":0,"13":0,"14":0,"15":0,"16":0,"17":0,"18":0,"19":0,"20":0,"21":0,"22":0,"23":0,"24":0,"25":0,"26":0,"27":0,"28":0,"29":0,"30":0,"31":0,"32":0,"33":0,"34":0,"35":0,"36":0,"37":0,"38":0,"39":0,"40":0,"41":0,"42":0,"43":0,"44":0,"45":0,"46":0,"47":0,"48":0,"49":0,"50":0,"51":0,"52":0,"53":0,"54":0,"55":0,"56":0,"57":0,"58":0,"59":0,"60":0},"f":{"0":0,"1":0,"2":0,"3":0},"b":{"0":[0,0],"1":[0,0],"2":[0,0],"3":[0,0],"4":[0,0]}}
,"C:\\backend\\controllers\\photoController.js": {"path":"C:\\backend\\controllers\\photoController.js","statementMap":{"0":{"start":{"line":1,"column":19},"end":{"line":1,"column":39}},"1":{"start":{"line":2,"column":13},"end":{"line":2,"column":38}},"2":{"start":{"line":3,"column":17},"end":{"line":3,"column":36}},"3":{"start":{"line":5,"column":0},"end":{"line":50,"column":2}},"4":{"start":{"line":6,"column":4},"end":{"line":49,"column":5}},"5":{"start":{"line":8,"column":23},"end":{"line":8,"column":42}},"6":{"start":{"line":9,"column":23},"end":{"line":9,"column":32}},"7":{"start":{"line":12,"column":21},"end":{"line":12,"column":49}},"8":{"start":{"line":14,"column":8},"end":{"line":16,"column":9}},"9":{"start":{"line":15,"column":12},"end":{"line":15,"column":71}},"10":{"start":{"line":19,"column":8},"end":{"line":21,"column":9}},"11":{"start":{"line":20,"column":12},"end":{"line":20,"column":87}},"12":{"start":{"line":24,"column":8},"end":{"line":26,"column":9}},"13":{"start":{"line":25,"column":12},"end":{"line":25,"column":89}},"14":{"start":{"line":29,"column":8},"end":{"line":31,"column":9}},"15":{"start":{"line":30,"column":12},"end":{"line":30,"column":29}},"16":{"start":{"line":35,"column":31},"end":{"line":40,"column":11}},"17":{"start":{"line":35,"column":52},"end":{"line":40,"column":9}},"18":{"start":{"line":42,"column":8},"end":{"line":42,"column":44}},"19":{"start":{"line":43,"column":8},"end":{"line":43,"column":26}},"20":{"start":{"line":45,"column":8},"end":{"line":45,"column":74}},"21":{"start":{"line":47,"column":8},"end":{"line":47,"column":56}},"22":{"start":{"line":48,"column":8},"end":{"line":48,"column":91}}},"fnMap":{"0":{"name":"(anonymous_0)","decl":{"start":{"line":5,"column":23},"end":{"line":5,"column":24}},"loc":{"start":{"line":5,"column":43},"end":{"line":50,"column":1}},"line":5},"1":{"name":"(anonymous_1)","decl":{"start":{"line":35,"column":42},"end":{"line":35,"column":43}},"loc":{"start":{"line":35,"column":52},"end":{"line":40,"column":9}},"line":35}},"branchMap":{"0":{"loc":{"start":{"line":14,"column":8},"end":{"line":16,"column":9}},"type":"if","locations":[{"start":{"line":14,"column":8},"end":{"line":16,"column":9}},{"start":{},"end":{}}],"line":14},"1":{"loc":{"start":{"line":19,"column":8},"end":{"line":21,"column":9}},"type":"if","locations":[{"start":{"line":19,"column":8},"end":{"line":21,"column":9}},{"start":{},"end":{}}],"line":19},"2":{"loc":{"start":{"line":19,"column":12},"end":{"line":19,"column":42}},"type":"binary-expr","locations":[{"start":{"line":19,"column":12},"end":{"line":19,"column":19}},{"start":{"line":19,"column":23},"end":{"line":19,"column":42}}],"line":19},"3":{"loc":{"start":{"line":24,"column":8},"end":{"line":26,"column":9}},"type":"if","locations":[{"start":{"line":24,"column":8},"end":{"line":26,"column":9}},{"start":{},"end":{}}],"line":24},"4":{"loc":{"start":{"line":29,"column":8},"end":{"line":31,"column":9}},"type":"if","locations":[{"start":{"line":29,"column":8},"end":{"line":31,"column":9}},{"start":{},"end":{}}],"line":29}},"s":{"0":0,"1":0,"2":0,"3":0,"4":0,"5":0,"6":0,"7":0,"8":0,"9":0,"10":0,"11":0,"12":0,"13":0,"14":0,"15":0,"16":0,"17":0,"18":0,"19":0,"20":0,"21":0,"22":0},"f":{"0":0,"1":0},"b":{"0":[0,0],"1":[0,0],"2":[0,0],"3":[0,0],"4":[0,0]}}
,"C:\\backend\\controllers\\profileController.js": {"path":"C:\\backend\\controllers\\profileController.js","statementMap":{"0":{"start":{"line":1,"column":13},"end":{"line":1,"column":38}},"1":{"start":{"line":4,"column":0},"end":{"line":23,"column":2}},"2":{"start":{"line":5,"column":19},"end":{"line":5,"column":36}},"3":{"start":{"line":7,"column":4},"end":{"line":22,"column":5}},"4":{"start":{"line":9,"column":21},"end":{"line":9,"column":51}},"5":{"start":{"line":11,"column":8},"end":{"line":13,"column":9}},"6":{"start":{"line":12,"column":12},"end":{"line":12,"column":71}},"7":{"start":{"line":16,"column":32},"end":{"line":16,"column":90}},"8":{"start":{"line":17,"column":8},"end":{"line":17,"column":56}},"9":{"start":{"line":18,"column":8},"end":{"line":18,"column":50}},"10":{"start":{"line":20,"column":8},"end":{"line":20,"column":65}},"11":{"start":{"line":21,"column":8},"end":{"line":21,"column":100}},"12":{"start":{"line":25,"column":0},"end":{"line":76,"column":2}},"13":{"start":{"line":26,"column":4},"end":{"line":75,"column":5}},"14":{"start":{"line":27,"column":36},"end":{"line":27,"column":55}},"15":{"start":{"line":29,"column":96},"end":{"line":29,"column":105}},"16":{"start":{"line":32,"column":22},"end":{"line":32,"column":24}},"17":{"start":{"line":34,"column":8},"end":{"line":36,"column":9}},"18":{"start":{"line":35,"column":12},"end":{"line":35,"column":55}},"19":{"start":{"line":38,"column":8},"end":{"line":40,"column":9}},"20":{"start":{"line":39,"column":12},"end":{"line":39,"column":48}},"21":{"start":{"line":42,"column":8},"end":{"line":44,"column":9}},"22":{"start":{"line":43,"column":12},"end":{"line":43,"column":38}},"23":{"start":{"line":46,"column":8},"end":{"line":48,"column":9}},"24":{"start":{"line":47,"column":12},"end":{"line":47,"column":46}},"25":{"start":{"line":50,"column":8},"end":{"line":59,"column":9}},"26":{"start":{"line":51,"column":35},"end":{"line":51,"column":54}},"27":{"start":{"line":52,"column":35},"end":{"line":52,"column":54}},"28":{"start":{"line":54,"column":12},"end":{"line":58,"column":13}},"29":{"start":{"line":55,"column":16},"end":{"line":55,"column":78}},"30":{"start":{"line":57,"column":16},"end":{"line":57,"column":57}},"31":{"start":{"line":62,"column":8},"end":{"line":62,"column":58}},"32":{"start":{"line":65,"column":8},"end":{"line":65,"column":36}},"33":{"start":{"line":68,"column":33},"end":{"line":68,"column":55}},"34":{"start":{"line":71,"column":8},"end":{"line":71,"column":61}},"35":{"start":{"line":73,"column":8},"end":{"line":73,"column":58}},"36":{"start":{"line":74,"column":8},"end":{"line":74,"column":93}},"37":{"start":{"line":149,"column":0},"end":{"line":171,"column":2}},"38":{"start":{"line":150,"column":4},"end":{"line":170,"column":5}},"39":{"start":{"line":151,"column":27},"end":{"line":151,"column":36}},"40":{"start":{"line":152,"column":36},"end":{"line":152,"column":55}},"41":{"start":{"line":155,"column":24},"end":{"line":155,"column":54}},"42":{"start":{"line":157,"column":8},"end":{"line":159,"column":9}},"43":{"start":{"line":158,"column":12},"end":{"line":158,"column":74}},"44":{"start":{"line":162,"column":8},"end":{"line":164,"column":9}},"45":{"start":{"line":163,"column":12},"end":{"line":163,"column":109}},"46":{"start":{"line":166,"column":8},"end":{"line":166,"column":42}},"47":{"start":{"line":168,"column":8},"end":{"line":168,"column":67}},"48":{"start":{"line":169,"column":8},"end":{"line":169,"column":102}},"49":{"start":{"line":192,"column":0},"end":{"line":217,"column":2}},"50":{"start":{"line":193,"column":27},"end":{"line":193,"column":44}},"51":{"start":{"line":194,"column":22},"end":{"line":194,"column":41}},"52":{"start":{"line":196,"column":4},"end":{"line":216,"column":5}},"53":{"start":{"line":198,"column":29},"end":{"line":198,"column":75}},"54":{"start":{"line":199,"column":8},"end":{"line":199,"column":50}},"55":{"start":{"line":201,"column":8},"end":{"line":203,"column":9}},"56":{"start":{"line":202,"column":12},"end":{"line":202,"column":80}},"57":{"start":{"line":206,"column":8},"end":{"line":210,"column":9}},"58":{"start":{"line":208,"column":12},"end":{"line":208,"column":57}},"59":{"start":{"line":209,"column":12},"end":{"line":209,"column":38}},"60":{"start":{"line":212,"column":8},"end":{"line":212,"column":15}},"61":{"start":{"line":214,"column":8},"end":{"line":214,"column":65}},"62":{"start":{"line":215,"column":8},"end":{"line":215,"column":101}},"63":{"start":{"line":230,"column":0},"end":{"line":263,"column":2}},"64":{"start":{"line":231,"column":4},"end":{"line":262,"column":5}},"65":{"start":{"line":232,"column":23},"end":{"line":232,"column":37}},"66":{"start":{"line":233,"column":158},"end":{"line":233,"column":166}},"67":{"start":{"line":236,"column":21},"end":{"line":236,"column":48}},"68":{"start":{"line":237,"column":8},"end":{"line":239,"column":9}},"69":{"start":{"line":238,"column":12},"end":{"line":238,"column":71}},"70":{"start":{"line":242,"column":8},"end":{"line":242,"column":23}},"71":{"start":{"line":243,"column":8},"end":{"line":243,"column":43}},"72":{"start":{"line":244,"column":8},"end":{"line":244,"column":33}},"73":{"start":{"line":245,"column":8},"end":{"line":245,"column":41}},"74":{"start":{"line":246,"column":8},"end":{"line":246,"column":35}},"75":{"start":{"line":247,"column":8},"end":{"line":247,"column":37}},"76":{"start":{"line":248,"column":8},"end":{"line":248,"column":33}},"77":{"start":{"line":249,"column":8},"end":{"line":249,"column":57}},"78":{"start":{"line":250,"column":8},"end":{"line":250,"column":31}},"79":{"start":{"line":251,"column":8},"end":{"line":251,"column":33}},"80":{"start":{"line":252,"column":8},"end":{"line":252,"column":39}},"81":{"start":{"line":253,"column":8},"end":{"line":253,"column":29}},"82":{"start":{"line":256,"column":8},"end":{"line":256,"column":26}},"83":{"start":{"line":258,"column":8},"end":{"line":258,"column":74}},"84":{"start":{"line":260,"column":8},"end":{"line":260,"column":56}},"85":{"start":{"line":261,"column":8},"end":{"line":261,"column":92}}},"fnMap":{"0":{"name":"(anonymous_0)","decl":{"start":{"line":4,"column":29},"end":{"line":4,"column":30}},"loc":{"start":{"line":4,"column":49},"end":{"line":23,"column":1}},"line":4},"1":{"name":"(anonymous_1)","decl":{"start":{"line":25,"column":25},"end":{"line":25,"column":26}},"loc":{"start":{"line":25,"column":45},"end":{"line":76,"column":1}},"line":25},"2":{"name":"(anonymous_2)","decl":{"start":{"line":149,"column":32},"end":{"line":149,"column":33}},"loc":{"start":{"line":149,"column":52},"end":{"line":171,"column":1}},"line":149},"3":{"name":"(anonymous_3)","decl":{"start":{"line":192,"column":32},"end":{"line":192,"column":33}},"loc":{"start":{"line":192,"column":58},"end":{"line":217,"column":1}},"line":192},"4":{"name":"(anonymous_4)","decl":{"start":{"line":230,"column":24},"end":{"line":230,"column":25}},"loc":{"start":{"line":230,"column":44},"end":{"line":263,"column":1}},"line":230}},"branchMap":{"0":{"loc":{"start":{"line":11,"column":8},"end":{"line":13,"column":9}},"type":"if","locations":[{"start":{"line":11,"column":8},"end":{"line":13,"column":9}},{"start":{},"end":{}}],"line":11},"1":{"loc":{"start":{"line":34,"column":8},"end":{"line":36,"column":9}},"type":"if","locations":[{"start":{"line":34,"column":8},"end":{"line":36,"column":9}},{"start":{},"end":{}}],"line":34},"2":{"loc":{"start":{"line":34,"column":12},"end":{"line":34,"column":28}},"type":"binary-expr","locations":[{"start":{"line":34,"column":12},"end":{"line":34,"column":18}},{"start":{"line":34,"column":22},"end":{"line":34,"column":28}}],"line":34},"3":{"loc":{"start":{"line":38,"column":8},"end":{"line":40,"column":9}},"type":"if","locations":[{"start":{"line":38,"column":8},"end":{"line":40,"column":9}},{"start":{},"end":{}}],"line":38},"4":{"loc":{"start":{"line":42,"column":8},"end":{"line":44,"column":9}},"type":"if","locations":[{"start":{"line":42,"column":8},"end":{"line":44,"column":9}},{"start":{},"end":{}}],"line":42},"5":{"loc":{"start":{"line":46,"column":8},"end":{"line":48,"column":9}},"type":"if","locations":[{"start":{"line":46,"column":8},"end":{"line":48,"column":9}},{"start":{},"end":{}}],"line":46},"6":{"loc":{"start":{"line":50,"column":8},"end":{"line":59,"column":9}},"type":"if","locations":[{"start":{"line":50,"column":8},"end":{"line":59,"column":9}},{"start":{},"end":{}}],"line":50},"7":{"loc":{"start":{"line":50,"column":12},"end":{"line":50,"column":34}},"type":"binary-expr","locations":[{"start":{"line":50,"column":12},"end":{"line":50,"column":21}},{"start":{"line":50,"column":25},"end":{"line":50,"column":34}}],"line":50},"8":{"loc":{"start":{"line":54,"column":12},"end":{"line":58,"column":13}},"type":"if","locations":[{"start":{"line":54,"column":12},"end":{"line":58,"column":13}},{"start":{"line":56,"column":19},"end":{"line":58,"column":13}}],"line":54},"9":{"loc":{"start":{"line":54,"column":16},"end":{"line":54,"column":64}},"type":"binary-expr","locations":[{"start":{"line":54,"column":16},"end":{"line":54,"column":38}},{"start":{"line":54,"column":42},"end":{"line":54,"column":64}}],"line":54},"10":{"loc":{"start":{"line":157,"column":8},"end":{"line":159,"column":9}},"type":"if","locations":[{"start":{"line":157,"column":8},"end":{"line":159,"column":9}},{"start":{},"end":{}}],"line":157},"11":{"loc":{"start":{"line":162,"column":8},"end":{"line":164,"column":9}},"type":"if","locations":[{"start":{"line":162,"column":8},"end":{"line":164,"column":9}},{"start":{},"end":{}}],"line":162},"12":{"loc":{"start":{"line":201,"column":8},"end":{"line":203,"column":9}},"type":"if","locations":[{"start":{"line":201,"column":8},"end":{"line":203,"column":9}},{"start":{},"end":{}}],"line":201},"13":{"loc":{"start":{"line":206,"column":8},"end":{"line":210,"column":9}},"type":"if","locations":[{"start":{"line":206,"column":8},"end":{"line":210,"column":9}},{"start":{},"end":{}}],"line":206},"14":{"loc":{"start":{"line":237,"column":8},"end":{"line":239,"column":9}},"type":"if","locations":[{"start":{"line":237,"column":8},"end":{"line":239,"column":9}},{"start":{},"end":{}}],"line":237}},"s":{"0":0,"1":0,"2":0,"3":0,"4":0,"5":0,"6":0,"7":0,"8":0,"9":0,"10":0,"11":0,"12":0,"13":0,"14":0,"15":0,"16":0,"17":0,"18":0,"19":0,"20":0,"21":0,"22":0,"23":0,"24":0,"25":0,"26":0,"27":0,"28":0,"29":0,"30":0,"31":0,"32":0,"33":0,"34":0,"35":0,"36":0,"37":0,"38":0,"39":0,"40":0,"41":0,"42":0,"43":0,"44":0,"45":0,"46":0,"47":0,"48":0,"49":0,"50":0,"51":0,"52":0,"53":0,"54":0,"55":0,"56":0,"57":0,"58":0,"59":0,"60":0,"61":0,"62":0,"63":0,"64":0,"65":0,"66":0,"67":0,"68":0,"69":0,"70":0,"71":0,"72":0,"73":0,"74":0,"75":0,"76":0,"77":0,"78":0,"79":0,"80":0,"81":0,"82":0,"83":0,"84":0,"85":0},"f":{"0":0,"1":0,"2":0,"3":0,"4":0},"b":{"0":[0,0],"1":[0,0],"2":[0,0],"3":[0,0],"4":[0,0],"5":[0,0],"6":[0,0],"7":[0,0],"8":[0,0],"9":[0,0],"10":[0,0],"11":[0,0],"12":[0,0],"13":[0,0],"14":[0,0]}}
,"C:\\backend\\controllers\\recommendationController.js": {"path":"C:\\backend\\controllers\\recommendationController.js","statementMap":{"0":{"start":{"line":1,"column":30},"end":{"line":1,"column":74}},"1":{"start":{"line":3,"column":0},"end":{"line":12,"column":2}},"2":{"start":{"line":4,"column":4},"end":{"line":11,"column":5}},"3":{"start":{"line":5,"column":23},"end":{"line":5,"column":42}},"4":{"start":{"line":6,"column":32},"end":{"line":6,"column":91}},"5":{"start":{"line":7,"column":8},"end":{"line":7,"column":46}},"6":{"start":{"line":9,"column":8},"end":{"line":9,"column":64}},"7":{"start":{"line":10,"column":8},"end":{"line":10,"column":99}}},"fnMap":{"0":{"name":"(anonymous_0)","decl":{"start":{"line":3,"column":29},"end":{"line":3,"column":30}},"loc":{"start":{"line":3,"column":49},"end":{"line":12,"column":1}},"line":3}},"branchMap":{},"s":{"0":0,"1":0,"2":0,"3":0,"4":0,"5":0,"6":0,"7":0},"f":{"0":0},"b":{}}
,"C:\\backend\\controllers\\super-adminController.js": {"path":"C:\\backend\\controllers\\super-adminController.js","statementMap":{"0":{"start":{"line":3,"column":13},"end":{"line":3,"column":38}},"1":{"start":{"line":25,"column":0},"end":{"line":55,"column":2}},"2":{"start":{"line":26,"column":23},"end":{"line":26,"column":33}},"3":{"start":{"line":28,"column":4},"end":{"line":54,"column":5}},"4":{"start":{"line":30,"column":21},"end":{"line":30,"column":51}},"5":{"start":{"line":32,"column":8},"end":{"line":34,"column":9}},"6":{"start":{"line":33,"column":12},"end":{"line":33,"column":71}},"7":{"start":{"line":37,"column":8},"end":{"line":39,"column":9}},"8":{"start":{"line":38,"column":12},"end":{"line":38,"column":85}},"9":{"start":{"line":42,"column":27},"end":{"line":42,"column":41}},"10":{"start":{"line":45,"column":8},"end":{"line":45,"column":35}},"11":{"start":{"line":48,"column":8},"end":{"line":48,"column":26}},"12":{"start":{"line":50,"column":8},"end":{"line":50,"column":79}},"13":{"start":{"line":52,"column":8},"end":{"line":52,"column":55}},"14":{"start":{"line":53,"column":8},"end":{"line":53,"column":90}},"15":{"start":{"line":59,"column":0},"end":{"line":73,"column":2}},"16":{"start":{"line":60,"column":4},"end":{"line":72,"column":5}},"17":{"start":{"line":61,"column":27},"end":{"line":61,"column":36}},"18":{"start":{"line":64,"column":22},"end":{"line":64,"column":49}},"19":{"start":{"line":65,"column":8},"end":{"line":65,"column":41}},"20":{"start":{"line":68,"column":8},"end":{"line":68,"column":36}},"21":{"start":{"line":70,"column":8},"end":{"line":70,"column":64}},"22":{"start":{"line":71,"column":8},"end":{"line":71,"column":99}},"23":{"start":{"line":76,"column":0},"end":{"line":91,"column":2}},"24":{"start":{"line":77,"column":4},"end":{"line":90,"column":5}},"25":{"start":{"line":79,"column":8},"end":{"line":81,"column":9}},"26":{"start":{"line":80,"column":12},"end":{"line":80,"column":105}},"27":{"start":{"line":84,"column":26},"end":{"line":84,"column":61}},"28":{"start":{"line":86,"column":8},"end":{"line":86,"column":44}},"29":{"start":{"line":88,"column":8},"end":{"line":88,"column":59}},"30":{"start":{"line":89,"column":8},"end":{"line":89,"column":94}},"31":{"start":{"line":94,"column":0},"end":{"line":105,"column":2}},"32":{"start":{"line":95,"column":19},"end":{"line":95,"column":36}},"33":{"start":{"line":97,"column":4},"end":{"line":104,"column":5}},"34":{"start":{"line":99,"column":8},"end":{"line":99,"column":78}},"35":{"start":{"line":100,"column":8},"end":{"line":100,"column":73}},"36":{"start":{"line":102,"column":8},"end":{"line":102,"column":55}},"37":{"start":{"line":103,"column":8},"end":{"line":103,"column":91}},"38":{"start":{"line":109,"column":0},"end":{"line":120,"column":2}},"39":{"start":{"line":110,"column":19},"end":{"line":110,"column":36}},"40":{"start":{"line":111,"column":20},"end":{"line":111,"column":28}},"41":{"start":{"line":112,"column":4},"end":{"line":119,"column":5}},"42":{"start":{"line":114,"column":8},"end":{"line":114,"column":65}},"43":{"start":{"line":115,"column":8},"end":{"line":115,"column":79}},"44":{"start":{"line":117,"column":8},"end":{"line":117,"column":60}},"45":{"start":{"line":118,"column":8},"end":{"line":118,"column":95}},"46":{"start":{"line":124,"column":0},"end":{"line":145,"column":2}},"47":{"start":{"line":125,"column":19},"end":{"line":125,"column":36}},"48":{"start":{"line":126,"column":4},"end":{"line":126,"column":34}},"49":{"start":{"line":127,"column":4},"end":{"line":144,"column":5}},"50":{"start":{"line":129,"column":8},"end":{"line":129,"column":79}},"51":{"start":{"line":132,"column":8},"end":{"line":132,"column":82}},"52":{"start":{"line":135,"column":8},"end":{"line":138,"column":10}},"53":{"start":{"line":140,"column":8},"end":{"line":140,"column":71}},"54":{"start":{"line":142,"column":8},"end":{"line":142,"column":53}},"55":{"start":{"line":143,"column":8},"end":{"line":143,"column":88}}},"fnMap":{"0":{"name":"(anonymous_0)","decl":{"start":{"line":25,"column":27},"end":{"line":25,"column":28}},"loc":{"start":{"line":25,"column":47},"end":{"line":55,"column":1}},"line":25},"1":{"name":"(anonymous_1)","decl":{"start":{"line":59,"column":27},"end":{"line":59,"column":28}},"loc":{"start":{"line":59,"column":47},"end":{"line":73,"column":1}},"line":59},"2":{"name":"(anonymous_2)","decl":{"start":{"line":76,"column":26},"end":{"line":76,"column":27}},"loc":{"start":{"line":76,"column":46},"end":{"line":91,"column":1}},"line":76},"3":{"name":"(anonymous_3)","decl":{"start":{"line":94,"column":23},"end":{"line":94,"column":24}},"loc":{"start":{"line":94,"column":43},"end":{"line":105,"column":1}},"line":94},"4":{"name":"(anonymous_4)","decl":{"start":{"line":109,"column":26},"end":{"line":109,"column":27}},"loc":{"start":{"line":109,"column":46},"end":{"line":120,"column":1}},"line":109},"5":{"name":"(anonymous_5)","decl":{"start":{"line":124,"column":20},"end":{"line":124,"column":21}},"loc":{"start":{"line":124,"column":40},"end":{"line":145,"column":1}},"line":124}},"branchMap":{"0":{"loc":{"start":{"line":32,"column":8},"end":{"line":34,"column":9}},"type":"if","locations":[{"start":{"line":32,"column":8},"end":{"line":34,"column":9}},{"start":{},"end":{}}],"line":32},"1":{"loc":{"start":{"line":37,"column":8},"end":{"line":39,"column":9}},"type":"if","locations":[{"start":{"line":37,"column":8},"end":{"line":39,"column":9}},{"start":{},"end":{}}],"line":37},"2":{"loc":{"start":{"line":37,"column":12},"end":{"line":37,"column":52}},"type":"binary-expr","locations":[{"start":{"line":37,"column":12},"end":{"line":37,"column":24}},{"start":{"line":37,"column":28},"end":{"line":37,"column":52}}],"line":37},"3":{"loc":{"start":{"line":79,"column":8},"end":{"line":81,"column":9}},"type":"if","locations":[{"start":{"line":79,"column":8},"end":{"line":81,"column":9}},{"start":{},"end":{}}],"line":79}},"s":{"0":0,"1":0,"2":0,"3":0,"4":0,"5":0,"6":0,"7":0,"8":0,"9":0,"10":0,"11":0,"12":0,"13":0,"14":0,"15":0,"16":0,"17":0,"18":0,"19":0,"20":0,"21":0,"22":0,"23":0,"24":0,"25":0,"26":0,"27":0,"28":0,"29":0,"30":0,"31":0,"32":0,"33":0,"34":0,"35":0,"36":0,"37":0,"38":0,"39":0,"40":0,"41":0,"42":0,"43":0,"44":0,"45":0,"46":0,"47":0,"48":0,"49":0,"50":0,"51":0,"52":0,"53":0,"54":0,"55":0},"f":{"0":0,"1":0,"2":0,"3":0,"4":0,"5":0},"b":{"0":[0,0],"1":[0,0],"2":[0,0],"3":[0,0]}}
,"C:\\backend\\controllers\\usersController.js": {"path":"C:\\backend\\controllers\\usersController.js","statementMap":{"0":{"start":{"line":2,"column":0},"end":{"line":2,"column":27}},"1":{"start":{"line":3,"column":13},"end":{"line":3,"column":38}},"2":{"start":{"line":4,"column":15},"end":{"line":4,"column":32}},"3":{"start":{"line":5,"column":14},"end":{"line":5,"column":30}},"4":{"start":{"line":6,"column":39},"end":{"line":6,"column":66}},"5":{"start":{"line":7,"column":17},"end":{"line":7,"column":36}},"6":{"start":{"line":9,"column":0},"end":{"line":40,"column":2}},"7":{"start":{"line":10,"column":57},"end":{"line":10,"column":65}},"8":{"start":{"line":11,"column":19},"end":{"line":11,"column":38}},"9":{"start":{"line":13,"column":4},"end":{"line":39,"column":5}},"10":{"start":{"line":15,"column":21},"end":{"line":15,"column":51}},"11":{"start":{"line":18,"column":8},"end":{"line":20,"column":9}},"12":{"start":{"line":19,"column":12},"end":{"line":19,"column":71}},"13":{"start":{"line":23,"column":20},"end":{"line":23,"column":45}},"14":{"start":{"line":24,"column":8},"end":{"line":24,"column":32}},"15":{"start":{"line":27,"column":8},"end":{"line":27,"column":35}},"16":{"start":{"line":28,"column":8},"end":{"line":28,"column":33}},"17":{"start":{"line":29,"column":8},"end":{"line":29,"column":39}},"18":{"start":{"line":30,"column":8},"end":{"line":30,"column":29}},"19":{"start":{"line":31,"column":8},"end":{"line":31,"column":23}},"20":{"start":{"line":33,"column":8},"end":{"line":33,"column":26}},"21":{"start":{"line":35,"column":8},"end":{"line":35,"column":87}},"22":{"start":{"line":37,"column":8},"end":{"line":37,"column":69}},"23":{"start":{"line":38,"column":8},"end":{"line":38,"column":105}},"24":{"start":{"line":44,"column":16},"end":{"line":44,"column":37}},"25":{"start":{"line":45,"column":17},"end":{"line":45,"column":43}},"26":{"start":{"line":46,"column":20},"end":{"line":46,"column":34}},"27":{"start":{"line":47,"column":4},"end":{"line":47,"column":53}},"28":{"start":{"line":83,"column":0},"end":{"line":100,"column":2}},"29":{"start":{"line":84,"column":19},"end":{"line":84,"column":38}},"30":{"start":{"line":85,"column":4},"end":{"line":85,"column":50}},"31":{"start":{"line":87,"column":4},"end":{"line":99,"column":5}},"32":{"start":{"line":89,"column":21},"end":{"line":89,"column":51}},"33":{"start":{"line":90,"column":8},"end":{"line":92,"column":9}},"34":{"start":{"line":91,"column":12},"end":{"line":91,"column":71}},"35":{"start":{"line":95,"column":8},"end":{"line":95,"column":39}},"36":{"start":{"line":97,"column":8},"end":{"line":97,"column":67}},"37":{"start":{"line":98,"column":8},"end":{"line":98,"column":103}},"38":{"start":{"line":103,"column":0},"end":{"line":128,"column":2}},"39":{"start":{"line":104,"column":19},"end":{"line":104,"column":38}},"40":{"start":{"line":105,"column":4},"end":{"line":105,"column":34}},"41":{"start":{"line":107,"column":4},"end":{"line":127,"column":5}},"42":{"start":{"line":108,"column":21},"end":{"line":108,"column":51}},"43":{"start":{"line":109,"column":8},"end":{"line":112,"column":9}},"44":{"start":{"line":111,"column":12},"end":{"line":111,"column":71}},"45":{"start":{"line":114,"column":29},"end":{"line":114,"column":66}},"46":{"start":{"line":116,"column":34},"end":{"line":121,"column":10}},"47":{"start":{"line":123,"column":8},"end":{"line":123,"column":54}},"48":{"start":{"line":125,"column":8},"end":{"line":125,"column":72}},"49":{"start":{"line":126,"column":8},"end":{"line":126,"column":108}},"50":{"start":{"line":131,"column":0},"end":{"line":155,"column":2}},"51":{"start":{"line":132,"column":19},"end":{"line":132,"column":38}},"52":{"start":{"line":133,"column":35},"end":{"line":133,"column":61}},"53":{"start":{"line":135,"column":4},"end":{"line":154,"column":5}},"54":{"start":{"line":136,"column":21},"end":{"line":136,"column":51}},"55":{"start":{"line":137,"column":8},"end":{"line":139,"column":9}},"56":{"start":{"line":138,"column":12},"end":{"line":138,"column":71}},"57":{"start":{"line":141,"column":34},"end":{"line":146,"column":10}},"58":{"start":{"line":148,"column":24},"end":{"line":148,"column":73}},"59":{"start":{"line":150,"column":8},"end":{"line":150,"column":42}},"60":{"start":{"line":152,"column":8},"end":{"line":152,"column":58}},"61":{"start":{"line":153,"column":8},"end":{"line":153,"column":94}},"62":{"start":{"line":157,"column":0},"end":{"line":181,"column":2}},"63":{"start":{"line":158,"column":26},"end":{"line":158,"column":43}},"64":{"start":{"line":159,"column":32},"end":{"line":159,"column":51}},"65":{"start":{"line":160,"column":4},"end":{"line":160,"column":48}},"66":{"start":{"line":161,"column":4},"end":{"line":161,"column":60}},"67":{"start":{"line":163,"column":4},"end":{"line":180,"column":5}},"68":{"start":{"line":165,"column":34},"end":{"line":165,"column":85}},"69":{"start":{"line":166,"column":8},"end":{"line":166,"column":60}},"70":{"start":{"line":168,"column":8},"end":{"line":170,"column":9}},"71":{"start":{"line":169,"column":12},"end":{"line":169,"column":85}},"72":{"start":{"line":173,"column":8},"end":{"line":173,"column":59}},"73":{"start":{"line":174,"column":8},"end":{"line":174,"column":39}},"74":{"start":{"line":176,"column":8},"end":{"line":176,"column":71}},"75":{"start":{"line":178,"column":8},"end":{"line":178,"column":53}},"76":{"start":{"line":179,"column":8},"end":{"line":179,"column":88}},"77":{"start":{"line":184,"column":0},"end":{"line":212,"column":2}},"78":{"start":{"line":185,"column":28},"end":{"line":185,"column":45}},"79":{"start":{"line":186,"column":32},"end":{"line":186,"column":51}},"80":{"start":{"line":187,"column":4},"end":{"line":187,"column":52}},"81":{"start":{"line":188,"column":4},"end":{"line":188,"column":60}},"82":{"start":{"line":190,"column":4},"end":{"line":211,"column":5}},"83":{"start":{"line":192,"column":34},"end":{"line":192,"column":85}},"84":{"start":{"line":193,"column":8},"end":{"line":193,"column":60}},"85":{"start":{"line":195,"column":8},"end":{"line":197,"column":9}},"86":{"start":{"line":196,"column":12},"end":{"line":196,"column":85}},"87":{"start":{"line":200,"column":22},"end":{"line":200,"column":77}},"88":{"start":{"line":201,"column":8},"end":{"line":207,"column":9}},"89":{"start":{"line":202,"column":12},"end":{"line":202,"column":60}},"90":{"start":{"line":203,"column":12},"end":{"line":203,"column":43}},"91":{"start":{"line":204,"column":12},"end":{"line":204,"column":77}},"92":{"start":{"line":206,"column":12},"end":{"line":206,"column":80}},"93":{"start":{"line":209,"column":8},"end":{"line":209,"column":55}},"94":{"start":{"line":210,"column":8},"end":{"line":210,"column":90}},"95":{"start":{"line":217,"column":0},"end":{"line":240,"column":2}},"96":{"start":{"line":218,"column":4},"end":{"line":239,"column":5}},"97":{"start":{"line":220,"column":28},"end":{"line":220,"column":36}},"98":{"start":{"line":223,"column":34},"end":{"line":228,"column":10}},"99":{"start":{"line":230,"column":25},"end":{"line":230,"column":76}},"100":{"start":{"line":231,"column":29},"end":{"line":231,"column":37}},"101":{"start":{"line":235,"column":8},"end":{"line":235,"column":52}},"102":{"start":{"line":237,"column":8},"end":{"line":237,"column":61}},"103":{"start":{"line":238,"column":8},"end":{"line":238,"column":74}}},"fnMap":{"0":{"name":"(anonymous_0)","decl":{"start":{"line":9,"column":30},"end":{"line":9,"column":31}},"loc":{"start":{"line":9,"column":50},"end":{"line":40,"column":1}},"line":9},"1":{"name":"calculateAge","decl":{"start":{"line":43,"column":9},"end":{"line":43,"column":21}},"loc":{"start":{"line":43,"column":35},"end":{"line":48,"column":1}},"line":43},"2":{"name":"(anonymous_2)","decl":{"start":{"line":83,"column":28},"end":{"line":83,"column":29}},"loc":{"start":{"line":83,"column":48},"end":{"line":100,"column":1}},"line":83},"3":{"name":"(anonymous_3)","decl":{"start":{"line":103,"column":33},"end":{"line":103,"column":34}},"loc":{"start":{"line":103,"column":53},"end":{"line":128,"column":1}},"line":103},"4":{"name":"(anonymous_4)","decl":{"start":{"line":131,"column":21},"end":{"line":131,"column":22}},"loc":{"start":{"line":131,"column":41},"end":{"line":155,"column":1}},"line":131},"5":{"name":"(anonymous_5)","decl":{"start":{"line":157,"column":20},"end":{"line":157,"column":21}},"loc":{"start":{"line":157,"column":40},"end":{"line":181,"column":1}},"line":157},"6":{"name":"(anonymous_6)","decl":{"start":{"line":184,"column":22},"end":{"line":184,"column":23}},"loc":{"start":{"line":184,"column":42},"end":{"line":212,"column":1}},"line":184},"7":{"name":"(anonymous_7)","decl":{"start":{"line":217,"column":27},"end":{"line":217,"column":28}},"loc":{"start":{"line":217,"column":47},"end":{"line":240,"column":1}},"line":217}},"branchMap":{"0":{"loc":{"start":{"line":18,"column":8},"end":{"line":20,"column":9}},"type":"if","locations":[{"start":{"line":18,"column":8},"end":{"line":20,"column":9}},{"start":{},"end":{}}],"line":18},"1":{"loc":{"start":{"line":90,"column":8},"end":{"line":92,"column":9}},"type":"if","locations":[{"start":{"line":90,"column":8},"end":{"line":92,"column":9}},{"start":{},"end":{}}],"line":90},"2":{"loc":{"start":{"line":109,"column":8},"end":{"line":112,"column":9}},"type":"if","locations":[{"start":{"line":109,"column":8},"end":{"line":112,"column":9}},{"start":{},"end":{}}],"line":109},"3":{"loc":{"start":{"line":137,"column":8},"end":{"line":139,"column":9}},"type":"if","locations":[{"start":{"line":137,"column":8},"end":{"line":139,"column":9}},{"start":{},"end":{}}],"line":137},"4":{"loc":{"start":{"line":168,"column":8},"end":{"line":170,"column":9}},"type":"if","locations":[{"start":{"line":168,"column":8},"end":{"line":170,"column":9}},{"start":{},"end":{}}],"line":168},"5":{"loc":{"start":{"line":195,"column":8},"end":{"line":197,"column":9}},"type":"if","locations":[{"start":{"line":195,"column":8},"end":{"line":197,"column":9}},{"start":{},"end":{}}],"line":195},"6":{"loc":{"start":{"line":201,"column":8},"end":{"line":207,"column":9}},"type":"if","locations":[{"start":{"line":201,"column":8},"end":{"line":207,"column":9}},{"start":{"line":205,"column":15},"end":{"line":207,"column":9}}],"line":201}},"s":{"0":1,"1":1,"2":1,"3":1,"4":1,"5":1,"6":1,"7":3,"8":3,"9":3,"10":3,"11":2,"12":1,"13":1,"14":1,"15":1,"16":1,"17":1,"18":1,"19":1,"20":1,"21":1,"22":1,"23":1,"24":1,"25":1,"26":1,"27":1,"28":1,"29":0,"30":0,"31":0,"32":0,"33":0,"34":0,"35":0,"36":0,"37":0,"38":1,"39":0,"40":0,"41":0,"42":0,"43":0,"44":0,"45":0,"46":0,"47":0,"48":0,"49":0,"50":1,"51":0,"52":0,"53":0,"54":0,"55":0,"56":0,"57":0,"58":0,"59":0,"60":0,"61":0,"62":1,"63":0,"64":0,"65":0,"66":0,"67":0,"68":0,"69":0,"70":0,"71":0,"72":0,"73":0,"74":0,"75":0,"76":0,"77":1,"78":0,"79":0,"80":0,"81":0,"82":0,"83":0,"84":0,"85":0,"86":0,"87":0,"88":0,"89":0,"90":0,"91":0,"92":0,"93":0,"94":0,"95":1,"96":0,"97":0,"98":0,"99":0,"100":0,"101":0,"102":0,"103":0},"f":{"0":3,"1":1,"2":0,"3":0,"4":0,"5":0,"6":0,"7":0},"b":{"0":[1,1],"1":[0,0],"2":[0,0],"3":[0,0],"4":[0,0],"5":[0,0],"6":[0,0]},"_coverageSchema":"1a1c01bbd47fc00a2c39e90264f33305004495a9","hash":"1544b7c32972e760303ffa2958eba42802148edc"}
,"C:\\backend\\models\\Admin.js": {"path":"C:\\backend\\models\\Admin.js","statementMap":{"0":{"start":{"line":1,"column":17},"end":{"line":1,"column":36}},"1":{"start":{"line":2,"column":15},"end":{"line":2,"column":30}},"2":{"start":{"line":4,"column":20},"end":{"line":9,"column":2}},"3":{"start":{"line":11,"column":0},"end":{"line":11,"column":54}}},"fnMap":{},"branchMap":{},"s":{"0":0,"1":0,"2":0,"3":0},"f":{},"b":{}}
,"C:\\backend\\models\\Message.js": {"path":"C:\\backend\\models\\Message.js","statementMap":{"0":{"start":{"line":2,"column":17},"end":{"line":2,"column":36}},"1":{"start":{"line":4,"column":22},"end":{"line":10,"column":2}},"2":{"start":{"line":12,"column":0},"end":{"line":12,"column":58}}},"fnMap":{},"branchMap":{},"s":{"0":0,"1":0,"2":0},"f":{},"b":{}}
,"C:\\backend\\models\\Notification.js": {"path":"C:\\backend\\models\\Notification.js","statementMap":{"0":{"start":{"line":1,"column":17},"end":{"line":1,"column":36}},"1":{"start":{"line":3,"column":27},"end":{"line":8,"column":2}},"2":{"start":{"line":10,"column":0},"end":{"line":10,"column":68}}},"fnMap":{},"branchMap":{},"s":{"0":0,"1":0,"2":0},"f":{},"b":{}}
,"C:\\backend\\models\\User.js": {"path":"C:\\backend\\models\\User.js","statementMap":{"0":{"start":{"line":1,"column":17},"end":{"line":1,"column":36}},"1":{"start":{"line":2,"column":15},"end":{"line":2,"column":32}},"2":{"start":{"line":3,"column":15},"end":{"line":3,"column":32}},"3":{"start":{"line":5,"column":20},"end":{"line":14,"column":2}},"4":{"start":{"line":16,"column":19},"end":{"line":150,"column":2}},"5":{"start":{"line":40,"column":8},"end":{"line":40,"column":39}},"6":{"start":{"line":54,"column":6},"end":{"line":54,"column":41}},"7":{"start":{"line":54,"column":29},"end":{"line":54,"column":41}},"8":{"start":{"line":55,"column":19},"end":{"line":55,"column":58}},"9":{"start":{"line":56,"column":22},"end":{"line":56,"column":36}},"10":{"start":{"line":57,"column":6},"end":{"line":57,"column":55}},"11":{"start":{"line":63,"column":6},"end":{"line":63,"column":41}},"12":{"start":{"line":63,"column":29},"end":{"line":63,"column":41}},"13":{"start":{"line":64,"column":22},"end":{"line":64,"column":72}},"14":{"start":{"line":65,"column":6},"end":{"line":65,"column":67}},"15":{"start":{"line":116,"column":8},"end":{"line":116,"column":58}},"16":{"start":{"line":153,"column":0},"end":{"line":153,"column":40}},"17":{"start":{"line":155,"column":0},"end":{"line":180,"column":3}},"18":{"start":{"line":156,"column":15},"end":{"line":156,"column":19}},"19":{"start":{"line":157,"column":2},"end":{"line":157,"column":184}},"20":{"start":{"line":157,"column":170},"end":{"line":157,"column":184}},"21":{"start":{"line":159,"column":2},"end":{"line":179,"column":3}},"22":{"start":{"line":160,"column":17},"end":{"line":160,"column":41}},"23":{"start":{"line":161,"column":25},"end":{"line":161,"column":63}},"24":{"start":{"line":162,"column":24},"end":{"line":162,"column":70}},"25":{"start":{"line":163,"column":4},"end":{"line":163,"column":33}},"26":{"start":{"line":164,"column":4},"end":{"line":164,"column":40}},"27":{"start":{"line":167,"column":19},"end":{"line":167,"column":47}},"28":{"start":{"line":168,"column":4},"end":{"line":168,"column":25}},"29":{"start":{"line":171,"column":4},"end":{"line":174,"column":5}},"30":{"start":{"line":172,"column":6},"end":{"line":172,"column":37}},"31":{"start":{"line":173,"column":6},"end":{"line":173,"column":37}},"32":{"start":{"line":176,"column":4},"end":{"line":176,"column":11}},"33":{"start":{"line":178,"column":4},"end":{"line":178,"column":16}},"34":{"start":{"line":183,"column":15},"end":{"line":183,"column":70}},"35":{"start":{"line":184,"column":2},"end":{"line":184,"column":30}},"36":{"start":{"line":187,"column":13},"end":{"line":187,"column":47}},"37":{"start":{"line":189,"column":0},"end":{"line":189,"column":22}}},"fnMap":{"0":{"name":"(anonymous_0)","decl":{"start":{"line":39,"column":17},"end":{"line":39,"column":18}},"loc":{"start":{"line":39,"column":34},"end":{"line":41,"column":7}},"line":39},"1":{"name":"(anonymous_1)","decl":{"start":{"line":53,"column":13},"end":{"line":53,"column":14}},"loc":{"start":{"line":53,"column":25},"end":{"line":58,"column":5}},"line":53},"2":{"name":"(anonymous_2)","decl":{"start":{"line":62,"column":13},"end":{"line":62,"column":14}},"loc":{"start":{"line":62,"column":25},"end":{"line":66,"column":5}},"line":62},"3":{"name":"(anonymous_3)","decl":{"start":{"line":114,"column":17},"end":{"line":114,"column":18}},"loc":{"start":{"line":114,"column":33},"end":{"line":117,"column":7}},"line":114},"4":{"name":"(anonymous_4)","decl":{"start":{"line":155,"column":23},"end":{"line":155,"column":24}},"loc":{"start":{"line":155,"column":45},"end":{"line":180,"column":1}},"line":155},"5":{"name":"generateUniqueId","decl":{"start":{"line":182,"column":9},"end":{"line":182,"column":25}},"loc":{"start":{"line":182,"column":33},"end":{"line":185,"column":1}},"line":182}},"branchMap":{"0":{"loc":{"start":{"line":54,"column":6},"end":{"line":54,"column":41}},"type":"if","locations":[{"start":{"line":54,"column":6},"end":{"line":54,"column":41}},{"start":{},"end":{}}],"line":54},"1":{"loc":{"start":{"line":63,"column":6},"end":{"line":63,"column":41}},"type":"if","locations":[{"start":{"line":63,"column":6},"end":{"line":63,"column":41}},{"start":{},"end":{}}],"line":63},"2":{"loc":{"start":{"line":116,"column":15},"end":{"line":116,"column":57}},"type":"binary-expr","locations":[{"start":{"line":116,"column":15},"end":{"line":116,"column":40}},{"start":{"line":116,"column":44},"end":{"line":116,"column":57}}],"line":116},"3":{"loc":{"start":{"line":157,"column":2},"end":{"line":157,"column":184}},"type":"if","locations":[{"start":{"line":157,"column":2},"end":{"line":157,"column":184}},{"start":{},"end":{}}],"line":157},"4":{"loc":{"start":{"line":157,"column":6},"end":{"line":157,"column":168}},"type":"binary-expr","locations":[{"start":{"line":157,"column":6},"end":{"line":157,"column":34}},{"start":{"line":157,"column":38},"end":{"line":157,"column":74}},{"start":{"line":157,"column":78},"end":{"line":157,"column":107}},{"start":{"line":157,"column":111},"end":{"line":157,"column":139}},{"start":{"line":157,"column":143},"end":{"line":157,"column":168}}],"line":157},"5":{"loc":{"start":{"line":171,"column":4},"end":{"line":174,"column":5}},"type":"if","locations":[{"start":{"line":171,"column":4},"end":{"line":174,"column":5}},{"start":{},"end":{}}],"line":171},"6":{"loc":{"start":{"line":171,"column":8},"end":{"line":171,"column":73}},"type":"binary-expr","locations":[{"start":{"line":171,"column":8},"end":{"line":171,"column":19}},{"start":{"line":171,"column":23},"end":{"line":171,"column":45}},{"start":{"line":171,"column":49},"end":{"line":171,"column":73}}],"line":171}},"s":{"0":1,"1":1,"2":1,"3":1,"4":1,"5":0,"6":0,"7":0,"8":0,"9":0,"10":0,"11":0,"12":0,"13":0,"14":0,"15":0,"16":1,"17":1,"18":0,"19":0,"20":0,"21":0,"22":0,"23":0,"24":0,"25":0,"26":0,"27":0,"28":0,"29":0,"30":0,"31":0,"32":0,"33":0,"34":0,"35":0,"36":1,"37":1},"f":{"0":0,"1":0,"2":0,"3":0,"4":0,"5":0},"b":{"0":[0,0],"1":[0,0],"2":[0,0],"3":[0,0],"4":[0,0,0,0,0],"5":[0,0],"6":[0,0,0]},"_coverageSchema":"1a1c01bbd47fc00a2c39e90264f33305004495a9","hash":"3b8d63626412aa87fe25a8f93b166b93931c588f"}
,"C:\\backend\\models\\UserInteraction.js": {"path":"C:\\backend\\models\\UserInteraction.js","statementMap":{"0":{"start":{"line":1,"column":17},"end":{"line":1,"column":36}},"1":{"start":{"line":3,"column":30},"end":{"line":8,"column":2}},"2":{"start":{"line":10,"column":0},"end":{"line":10,"column":74}}},"fnMap":{},"branchMap":{},"s":{"0":0,"1":0,"2":0},"f":{},"b":{}}
,"C:\\backend\\models\\payment.js": {"path":"C:\\backend\\models\\payment.js","statementMap":{"0":{"start":{"line":1,"column":17},"end":{"line":1,"column":36}},"1":{"start":{"line":3,"column":22},"end":{"line":10,"column":2}},"2":{"start":{"line":12,"column":16},"end":{"line":12,"column":56}},"3":{"start":{"line":14,"column":0},"end":{"line":14,"column":25}}},"fnMap":{},"branchMap":{},"s":{"0":0,"1":0,"2":0,"3":0},"f":{},"b":{}}
,"C:\\backend\\models\\superAdmin.js": {"path":"C:\\backend\\models\\superAdmin.js","statementMap":{"0":{"start":{"line":1,"column":17},"end":{"line":1,"column":36}},"1":{"start":{"line":2,"column":15},"end":{"line":2,"column":30}},"2":{"start":{"line":4,"column":25},"end":{"line":10,"column":2}},"3":{"start":{"line":12,"column":0},"end":{"line":12,"column":64}}},"fnMap":{},"branchMap":{},"s":{"0":0,"1":0,"2":0,"3":0},"f":{},"b":{}}
[...]
,"C:\\backend\\routes\\paymentRoutes.js": {"path":"C:\\backend\\routes\\paymentRoutes.js","statementMap":{"0":{"start":{"line":1,"column":16},"end":{"line":1,"column":34}},"1":{"start":{"line":2,"column":15},"end":{"line":2,"column":31}},"2":{"start":{"line":3,"column":26},"end":{"line":3,"column":69}},"3":{"start":{"line":6,"column":0},"end":{"line":6,"column":60}},"4":{"start":{"line":9,"column":0},"end":{"line":9,"column":59}},"5":{"start":{"line":11,"column":0},"end":{"line":11,"column":70}},"6":{"start":{"line":12,"column":0},"end":{"line":12,"column":56}},"7":{"start":{"line":14,"column":0},"end":{"line":14,"column":24}}},"fnMap":{},"branchMap":{},"s":{"0":0,"1":0,"2":0,"3":0,"4":0,"5":0,"6":0,"7":0},"f":{},"b":{}}
,"C:\\backend\\routes\\photoRoutes.js": {"path":"C:\\backend\\routes\\photoRoutes.js","statementMap":{"0":{"start":{"line":1,"column":16},"end":{"line":1,"column":34}},"1":{"start":{"line":2,"column":15},"end":{"line":2,"column":31}},"2":{"start":{"line":3,"column":15},"end":{"line":3,"column":48}},"3":{"start":{"line":4,"column":24},"end":{"line":4,"column":65}},"4":{"start":{"line":5,"column":23},"end":{"line":5,"column":62}},"5":{"start":{"line":7,"column":0},"end":{"line":7,"column":107}},"6":{"start":{"line":10,"column":0},"end":{"line":10,"column":24}}},"fnMap":{},"branchMap":{},"s":{"0":0,"1":0,"2":0,"3":0,"4":0,"5":0,"6":0},"f":{},"b":{}}
,"C:\\backend\\routes\\profileRoutes.js": {"path":"C:\\backend\\routes\\profileRoutes.js","statementMap":{"0":{"start":{"line":1,"column":16},"end":{"line":1,"column":34}},"1":{"start":{"line":2,"column":15},"end":{"line":2,"column":31}},"2":{"start":{"line":3,"column":34},"end":{"line":3,"column":80}},"3":{"start":{"line":4,"column":31},"end":{"line":4,"column":77}},"4":{"start":{"line":5,"column":25},"end":{"line":5,"column":64}},"5":{"start":{"line":6,"column":23},"end":{"line":6,"column":67}},"6":{"start":{"line":7,"column":26},"end":{"line":7,"column":72}},"7":{"start":{"line":8,"column":13},"end":{"line":8,"column":38}},"8":{"start":{"line":11,"column":0},"end":{"line":11,"column":69}},"9":{"start":{"line":13,"column":0},"end":{"line":13,"column":74}},"10":{"start":{"line":14,"column":0},"end":{"line":14,"column":89}},"11":{"start":{"line":17,"column":0},"end":{"line":31,"column":3}},"12":{"start":{"line":18,"column":4},"end":{"line":30,"column":5}},"13":{"start":{"line":20,"column":23},"end":{"line":20,"column":40}},"14":{"start":{"line":23,"column":32},"end":{"line":23,"column":69}},"15":{"start":{"line":26,"column":8},"end":{"line":26,"column":50}},"16":{"start":{"line":28,"column":8},"end":{"line":28,"column":65}},"17":{"start":{"line":29,"column":8},"end":{"line":29,"column":100}},"18":{"start":{"line":34,"column":0},"end":{"line":59,"column":3}},"19":{"start":{"line":35,"column":4},"end":{"line":58,"column":5}},"20":{"start":{"line":37,"column":36},"end":{"line":37,"column":55}},"21":{"start":{"line":40,"column":22},"end":{"line":40,"column":41}},"22":{"start":{"line":43,"column":33},"end":{"line":43,"column":35}},"23":{"start":{"line":46,"column":8},"end":{"line":48,"column":11}},"24":{"start":{"line":47,"column":12},"end":{"line":47,"column":61}},"25":{"start":{"line":51,"column":40},"end":{"line":51,"column":113}},"26":{"start":{"line":51,"column":79},"end":{"line":51,"column":112}},"27":{"start":{"line":54,"column":8},"end":{"line":54,"column":75}},"28":{"start":{"line":56,"column":8},"end":{"line":56,"column":65}},"29":{"start":{"line":57,"column":8},"end":{"line":57,"column":100}},"30":{"start":{"line":63,"column":0},"end":{"line":78,"column":3}},"31":{"start":{"line":64,"column":4},"end":{"line":77,"column":5}},"32":{"start":{"line":66,"column":23},"end":{"line":66,"column":40}},"33":{"start":{"line":67,"column":8},"end":{"line":67,"column":41}},"34":{"start":{"line":69,"column":21},"end":{"line":69,"column":48}},"35":{"start":{"line":70,"column":8},"end":{"line":70,"column":34}},"36":{"start":{"line":73,"column":8},"end":{"line":73,"column":39}},"37":{"start":{"line":75,"column":8},"end":{"line":75,"column":61}},"38":{"start":{"line":76,"column":8},"end":{"line":76,"column":96}},"39":{"start":{"line":81,"column":0},"end":{"line":81,"column":24}}},"fnMap":{"0":{"name":"(anonymous_0)","decl":{"start":{"line":17,"column":78},"end":{"line":17,"column":79}},"loc":{"start":{"line":17,"column":98},"end":{"line":31,"column":1}},"line":17},"1":{"name":"(anonymous_1)","decl":{"start":{"line":34,"column":50},"end":{"line":34,"column":51}},"loc":{"start":{"line":34,"column":70},"end":{"line":59,"column":1}},"line":34},"2":{"name":"(anonymous_2)","decl":{"start":{"line":46,"column":22},"end":{"line":46,"column":23}},"loc":{"start":{"line":46,"column":30},"end":{"line":48,"column":9}},"line":46},"3":{"name":"(anonymous_3)","decl":{"start":{"line":51,"column":66},"end":{"line":51,"column":67}},"loc":{"start":{"line":51,"column":79},"end":{"line":51,"column":112}},"line":51},"4":{"name":"(anonymous_4)","decl":{"start":{"line":63,"column":64},"end":{"line":63,"column":65}},"loc":{"start":{"line":63,"column":84},"end":{"line":78,"column":1}},"line":63}},"branchMap":{},"s":{"0":0,"1":0,"2":0,"3":0,"4":0,"5":0,"6":0,"7":0,"8":0,"9":0,"10":0,"11":0,"12":0,"13":0,"14":0,"15":0,"16":0,"17":0,"18":0,"19":0,"20":0,"21":0,"22":0,"23":0,"24":0,"25":0,"26":0,"27":0,"28":0,"29":0,"30":0,"31":0,"32":0,"33":0,"34":0,"35":0,"36":0,"37":0,"38":0,"39":0},"f":{"0":0,"1":0,"2":0,"3":0,"4":0},"b":{}}
,"C:\\backend\\routes\\recommendationRoutes.js": {"path":"C:\\backend\\routes\\recommendationRoutes.js","statementMap":{"0":{"start":{"line":1,"column":16},"end":{"line":1,"column":34}},"1":{"start":{"line":2,"column":15},"end":{"line":2,"column":31}},"2":{"start":{"line":3,"column":33},"end":{"line":3,"column":83}},"3":{"start":{"line":4,"column":25},"end":{"line":4,"column":64}},"4":{"start":{"line":6,"column":0},"end":{"line":6,"column":94}},"5":{"start":{"line":8,"column":0},"end":{"line":8,"column":24}}},"fnMap":{},"branchMap":{},"s":{"0":0,"1":0,"2":0,"3":0,"4":0,"5":0},"f":{},"b":{}}
,"C:\\backend\\routes\\super-adminRoutes.js": {"path":"C:\\backend\\routes\\super-adminRoutes.js","statementMap":{"0":{"start":{"line":5,"column":16},"end":{"line":5,"column":34}},"1":{"start":{"line":6,"column":15},"end":{"line":6,"column":31}},"2":{"start":{"line":7,"column":14},"end":{"line":7,"column":40}},"3":{"start":{"line":8,"column":15},"end":{"line":8,"column":32}},"4":{"start":{"line":9,"column":12},"end":{"line":9,"column":35}},"5":{"start":{"line":10,"column":16},"end":{"line":10,"column":48}},"6":{"start":{"line":11,"column":29},"end":{"line":11,"column":57}},"7":{"start":{"line":12,"column":29},"end":{"line":12,"column":69}},"8":{"start":{"line":13,"column":31},"end":{"line":13,"column":67}},"9":{"start":{"line":14,"column":26},"end":{"line":14,"column":60}},"10":{"start":{"line":15,"column":19},"end":{"line":15,"column":50}},"11":{"start":{"line":16,"column":33},"end":{"line":16,"column":82}},"12":{"start":{"line":18,"column":25},"end":{"line":18,"column":72}},"13":{"start":{"line":23,"column":0},"end":{"line":62,"column":3}},"14":{"start":{"line":24,"column":32},"end":{"line":24,"column":40}},"15":{"start":{"line":26,"column":4},"end":{"line":61,"column":5}},"16":{"start":{"line":27,"column":22},"end":{"line":27,"column":57}},"17":{"start":{"line":29,"column":8},"end":{"line":31,"column":9}},"18":{"start":{"line":30,"column":12},"end":{"line":30,"column":72}},"19":{"start":{"line":33,"column":32},"end":{"line":33,"column":78}},"20":{"start":{"line":35,"column":8},"end":{"line":37,"column":9}},"21":{"start":{"line":36,"column":12},"end":{"line":36,"column":73}},"22":{"start":{"line":40,"column":29},"end":{"line":44,"column":9}},"23":{"start":{"line":47,"column":22},"end":{"line":51,"column":9}},"24":{"start":{"line":54,"column":8},"end":{"line":54,"column":28}},"25":{"start":{"line":55,"column":8},"end":{"line":55,"column":27}},"26":{"start":{"line":57,"column":8},"end":{"line":57,"column":75}},"27":{"start":{"line":59,"column":8},"end":{"line":59,"column":56}},"28":{"start":{"line":60,"column":8},"end":{"line":60,"column":89}},"29":{"start":{"line":64,"column":0},"end":{"line":105,"column":3}},"30":{"start":{"line":65,"column":4},"end":{"line":104,"column":5}},"31":{"start":{"line":67,"column":35},"end":{"line":67,"column":92}},"32":{"start":{"line":68,"column":8},"end":{"line":71,"column":9}},"33":{"start":{"line":69,"column":12},"end":{"line":69,"column":54}},"34":{"start":{"line":70,"column":12},"end":{"line":70,"column":83}},"35":{"start":{"line":74,"column":25},"end":{"line":74,"column":37}},"36":{"start":{"line":75,"column":31},"end":{"line":75,"column":62}},"37":{"start":{"line":78,"column":30},"end":{"line":82,"column":10}},"38":{"start":{"line":85,"column":8},"end":{"line":85,"column":35}},"39":{"start":{"line":88,"column":29},"end":{"line":92,"column":9}},"40":{"start":{"line":93,"column":22},"end":{"line":93,"column":111}},"41":{"start":{"line":96,"column":8},"end":{"line":96,"column":36}},"42":{"start":{"line":97,"column":8},"end":{"line":97,"column":35}},"43":{"start":{"line":99,"column":8},"end":{"line":99,"column":55}},"44":{"start":{"line":100,"column":8},"end":{"line":100,"column":85}},"45":{"start":{"line":102,"column":8},"end":{"line":102,"column":59}},"46":{"start":{"line":103,"column":8},"end":{"line":103,"column":94}},"47":{"start":{"line":107,"column":13},"end":{"line":107,"column":38}},"48":{"start":{"line":109,"column":0},"end":{"line":109,"column":97}},"49":{"start":{"line":112,"column":0},"end":{"line":138,"column":3}},"50":{"start":{"line":113,"column":19},"end":{"line":113,"column":40}},"51":{"start":{"line":114,"column":4},"end":{"line":116,"column":5}},"52":{"start":{"line":115,"column":8},"end":{"line":115,"column":64}},"53":{"start":{"line":118,"column":19},"end":{"line":118,"column":29}},"54":{"start":{"line":119,"column":25},"end":{"line":119,"column":33}},"55":{"start":{"line":121,"column":4},"end":{"line":137,"column":5}},"56":{"start":{"line":123,"column":29},"end":{"line":127,"column":9}},"57":{"start":{"line":129,"column":8},"end":{"line":131,"column":9}},"58":{"start":{"line":130,"column":12},"end":{"line":130,"column":72}},"59":{"start":{"line":133,"column":8},"end":{"line":133,"column":99}},"60":{"start":{"line":135,"column":8},"end":{"line":135,"column":60}},"61":{"start":{"line":136,"column":8},"end":{"line":136,"column":96}},"62":{"start":{"line":140,"column":0},"end":{"line":140,"column":77}},"63":{"start":{"line":144,"column":0},"end":{"line":144,"column":85}},"64":{"start":{"line":147,"column":0},"end":{"line":147,"column":79}},"65":{"start":{"line":150,"column":0},"end":{"line":179,"column":3}},"66":{"start":{"line":151,"column":37},"end":{"line":151,"column":45}},"67":{"start":{"line":153,"column":4},"end":{"line":178,"column":5}},"68":{"start":{"line":155,"column":30},"end":{"line":155,"column":60}},"69":{"start":{"line":157,"column":8},"end":{"line":159,"column":9}},"70":{"start":{"line":158,"column":12},"end":{"line":158,"column":77}},"71":{"start":{"line":162,"column":36},"end":{"line":162,"column":72}},"72":{"start":{"line":165,"column":25},"end":{"line":169,"column":10}},"73":{"start":{"line":172,"column":8},"end":{"line":172,"column":30}},"74":{"start":{"line":174,"column":8},"end":{"line":174,"column":77}},"75":{"start":{"line":176,"column":8},"end":{"line":176,"column":52}},"76":{"start":{"line":177,"column":8},"end":{"line":177,"column":87}},"77":{"start":{"line":182,"column":0},"end":{"line":199,"column":3}},"78":{"start":{"line":183,"column":19},"end":{"line":183,"column":29}},"79":{"start":{"line":186,"column":4},"end":{"line":198,"column":5}},"80":{"start":{"line":188,"column":29},"end":{"line":188,"column":62}},"81":{"start":{"line":190,"column":8},"end":{"line":192,"column":9}},"82":{"start":{"line":191,"column":12},"end":{"line":191,"column":72}},"83":{"start":{"line":194,"column":8},"end":{"line":194,"column":93}},"84":{"start":{"line":196,"column":8},"end":{"line":196,"column":54}},"85":{"start":{"line":197,"column":8},"end":{"line":197,"column":90}},"86":{"start":{"line":202,"column":0},"end":{"line":218,"column":3}},"87":{"start":{"line":203,"column":28},"end":{"line":203,"column":36}},"88":{"start":{"line":204,"column":25},"end":{"line":204,"column":41}},"89":{"start":{"line":206,"column":4},"end":{"line":217,"column":5}},"90":{"start":{"line":208,"column":31},"end":{"line":208,"column":65}},"91":{"start":{"line":211,"column":8},"end":{"line":211,"column":87}},"92":{"start":{"line":213,"column":8},"end":{"line":213,"column":75}},"93":{"start":{"line":215,"column":8},"end":{"line":215,"column":57}},"94":{"start":{"line":216,"column":8},"end":{"line":216,"column":93}},"95":{"start":{"line":221,"column":0},"end":{"line":221,"column":94}},"96":{"start":{"line":224,"column":0},"end":{"line":224,"column":101}},"97":{"start":{"line":227,"column":0},"end":{"line":227,"column":88}},"98":{"start":{"line":231,"column":0},"end":{"line":258,"column":3}},"99":{"start":{"line":232,"column":19},"end":{"line":232,"column":36}},"100":{"start":{"line":233,"column":25},"end":{"line":233,"column":33}},"101":{"start":{"line":236,"column":4},"end":{"line":238,"column":5}},"102":{"start":{"line":237,"column":8},"end":{"line":237,"column":82}},"103":{"start":{"line":240,"column":4},"end":{"line":257,"column":5}},"104":{"start":{"line":242,"column":21},"end":{"line":242,"column":49}},"105":{"start":{"line":245,"column":8},"end":{"line":247,"column":9}},"106":{"start":{"line":246,"column":12},"end":{"line":246,"column":71}},"107":{"start":{"line":250,"column":8},"end":{"line":250,"column":30}},"108":{"start":{"line":251,"column":8},"end":{"line":251,"column":26}},"109":{"start":{"line":253,"column":8},"end":{"line":253,"column":83}},"110":{"start":{"line":255,"column":8},"end":{"line":255,"column":59}},"111":{"start":{"line":256,"column":8},"end":{"line":256,"column":95}},"112":{"start":{"line":263,"column":0},"end":{"line":263,"column":24}}},"fnMap":{"0":{"name":"(anonymous_0)","decl":{"start":{"line":23,"column":34},"end":{"line":23,"column":35}},"loc":{"start":{"line":23,"column":54},"end":{"line":62,"column":1}},"line":23},"1":{"name":"(anonymous_1)","decl":{"start":{"line":64,"column":44},"end":{"line":64,"column":45}},"loc":{"start":{"line":64,"column":64},"end":{"line":105,"column":1}},"line":64},"2":{"name":"(anonymous_2)","decl":{"start":{"line":112,"column":53},"end":{"line":112,"column":54}},"loc":{"start":{"line":112,"column":73},"end":{"line":138,"column":1}},"line":112},"3":{"name":"(anonymous_3)","decl":{"start":{"line":150,"column":52},"end":{"line":150,"column":53}},"loc":{"start":{"line":150,"column":72},"end":{"line":179,"column":1}},"line":150},"4":{"name":"(anonymous_4)","decl":{"start":{"line":182,"column":59},"end":{"line":182,"column":60}},"loc":{"start":{"line":182,"column":79},"end":{"line":199,"column":1}},"line":182},"5":{"name":"(anonymous_5)","decl":{"start":{"line":202,"column":55},"end":{"line":202,"column":56}},"loc":{"start":{"line":202,"column":75},"end":{"line":218,"column":1}},"line":202},"6":{"name":"(anonymous_6)","decl":{"start":{"line":231,"column":67},"end":{"line":231,"column":68}},"loc":{"start":{"line":231,"column":87},"end":{"line":258,"column":1}},"line":231}},"branchMap":{"0":{"loc":{"start":{"line":29,"column":8},"end":{"line":31,"column":9}},"type":"if","locations":[{"start":{"line":29,"column":8},"end":{"line":31,"column":9}},{"start":{},"end":{}}],"line":29},"1":{"loc":{"start":{"line":35,"column":8},"end":{"line":37,"column":9}},"type":"if","locations":[{"start":{"line":35,"column":8},"end":{"line":37,"column":9}},{"start":{},"end":{}}],"line":35},"2":{"loc":{"start":{"line":68,"column":8},"end":{"line":71,"column":9}},"type":"if","locations":[{"start":{"line":68,"column":8},"end":{"line":71,"column":9}},{"start":{},"end":{}}],"line":68},"3":{"loc":{"start":{"line":114,"column":4},"end":{"line":116,"column":5}},"type":"if","locations":[{"start":{"line":114,"column":4},"end":{"line":116,"column":5}},{"start":{},"end":{}}],"line":114},"4":{"loc":{"start":{"line":129,"column":8},"end":{"line":131,"column":9}},"type":"if","locations":[{"start":{"line":129,"column":8},"end":{"line":131,"column":9}},{"start":{},"end":{}}],"line":129},"5":{"loc":{"start":{"line":157,"column":8},"end":{"line":159,"column":9}},"type":"if","locations":[{"start":{"line":157,"column":8},"end":{"line":159,"column":9}},{"start":{},"end":{}}],"line":157},"6":{"loc":{"start":{"line":190,"column":8},"end":{"line":192,"column":9}},"type":"if","locations":[{"start":{"line":190,"column":8},"end":{"line":192,"column":9}},{"start":{},"end":{}}],"line":190},"7":{"loc":{"start":{"line":236,"column":4},"end":{"line":238,"column":5}},"type":"if","locations":[{"start":{"line":236,"column":4},"end":{"line":238,"column":5}},{"start":{},"end":{}}],"line":236},"8":{"loc":{"start":{"line":245,"column":8},"end":{"line":247,"column":9}},"type":"if","locations":[{"start":{"line":245,"column":8},"end":{"line":247,"column":9}},{"start":{},"end":{}}],"line":245}},"s":{"0":0,"1":0,"2":0,"3":0,"4":0,"5":0,"6":0,"7":0,"8":0,"9":0,"10":0,"11":0,"12":0,"13":0,"14":0,"15":0,"16":0,"17":0,"18":0,"19":0,"20":0,"21":0,"22":0,"23":0,"24":0,"25":0,"26":0,"27":0,"28":0,"29":0,"30":0,"31":0,"32":0,"33":0,"34":0,"35":0,"36":0,"37":0,"38":0,"39":0,"40":0,"41":0,"42":0,"43":0,"44":0,"45":0,"46":0,"47":0,"48":0,"49":0,"50":0,"51":0,"52":0,"53":0,"54":0,"55":0,"56":0,"57":0,"58":0,"59":0,"60":0,"61":0,"62":0,"63":0,"64":0,"65":0,"66":0,"67":0,"68":0,"69":0,"70":0,"71":0,"72":0,"73":0,"74":0,"75":0,"76":0,"77":0,"78":0,"79":0,"80":0,"81":0,"82":0,"83":0,"84":0,"85":0,"86":0,"87":0,"88":0,"89":0,"90":0,"91":0,"92":0,"93":0,"94":0,"95":0,"96":0,"97":0,"98":0,"99":0,"100":0,"101":0,"102":0,"103":0,"104":0,"105":0,"106":0,"107":0,"108":0,"109":0,"110":0,"111":0,"112":0},"f":{"0":0,"1":0,"2":0,"3":0,"4":0,"5":0,"6":0},"b":{"0":[0,0],"1":[0,0],"2":[0,0],"3":[0,0],"4":[0,0],"5":[0,0],"6":[0,0],"7":[0,0],"8":[0,0]}}
,"C:\\backend\\routes\\userRoutes.js": {"path":"C:\\backend\\routes\\userRoutes.js","statementMap":{"0":{"start":{"line":1,"column":16},"end":{"line":1,"column":34}},"1":{"start":{"line":2,"column":15},"end":{"line":2,"column":31}},"2":{"start":{"line":3,"column":25},"end":{"line":3,"column":67}},"3":{"start":{"line":4,"column":23},"end":{"line":4,"column":67}},"4":{"start":{"line":5,"column":37},"end":{"line":5,"column":82}},"5":{"start":{"line":7,"column":0},"end":{"line":7,"column":94}},"6":{"start":{"line":9,"column":0},"end":{"line":9,"column":91}},"7":{"start":{"line":11,"column":0},"end":{"line":11,"column":103}},"8":{"start":{"line":12,"column":0},"end":{"line":12,"column":95}},"9":{"start":{"line":14,"column":0},"end":{"line":14,"column":74}},"10":{"start":{"line":16,"column":0},"end":{"line":16,"column":78}},"11":{"start":{"line":18,"column":0},"end":{"line":18,"column":68}},"12":{"start":{"line":20,"column":0},"end":{"line":20,"column":24}}},"fnMap":{},"branchMap":{},"s":{"0":0,"1":0,"2":0,"3":0,"4":0,"5":0,"6":0,"7":0,"8":0,"9":0,"10":0,"11":0,"12":0},"f":{},"b":{}}
}
